Python 2.7.11 (default, Apr  4 2016, 12:44:49) 
[GCC 5.2.1 20151010] on linux2
Type "copyright", "credits" or "license()" for more information.
>>> 
======= RESTART: /home/dutc/Dropbox/Cisco Training (2016-Apr-04)/wc.py =======
/home/dutc/Dropbox/Cisco Training (2016-Apr-04)/wc.py 10
>>> 
======= RESTART: /home/dutc/Dropbox/Cisco Training (2016-Apr-04)/wc.py =======
/home/dutc/Dropbox/Cisco Training (2016-Apr-04)/wc.py 16
>>> f
<closed file '/home/dutc/Dropbox/Cisco Training (2016-Apr-04)/wc.py', mode 'r' at 0x7ff9f3388420>
>>> dir(f)
['__class__', '__delattr__', '__doc__', '__enter__', '__exit__', '__format__', '__getattribute__', '__hash__', '__init__', '__iter__', '__new__', '__reduce__', '__reduce_ex__', '__repr__', '__setattr__', '__sizeof__', '__str__', '__subclasshook__', 'close', 'closed', 'encoding', 'errors', 'fileno', 'flush', 'isatty', 'mode', 'name', 'newlines', 'next', 'read', 'readinto', 'readline', 'readlines', 'seek', 'softspace', 'tell', 'truncate', 'write', 'writelines', 'xreadlines']
>>> help(f.read)
Help on built-in function read:

read(...)
    read([size]) -> read at most size bytes, returned as a string.
    
    If the size argument is negative or omitted, read until EOF is reached.
    Notice that when in non-blocking mode, less data than what was requested
    may be returned, even if no size parameter was given.

>>> 
======= RESTART: /home/dutc/Dropbox/Cisco Training (2016-Apr-04)/wc.py =======
/home/dutc/Dropbox/Cisco Training (2016-Apr-04)/wc.py 9
>>> 
======= RESTART: /home/dutc/Dropbox/Cisco Training (2016-Apr-04)/wc.py =======
/home/dutc/Dropbox/Cisco Training (2016-Apr-04)/wc.py 16
>>> 
======= RESTART: /home/dutc/Dropbox/Cisco Training (2016-Apr-04)/wc.py =======
/home/dutc/Dropbox/Cisco Training (2016-Apr-04)/wc.py 15
>>> 
======= RESTART: /home/dutc/Dropbox/Cisco Training (2016-Apr-04)/wc.py =======
/home/dutc/Dropbox/Cisco Training (2016-Apr-04)/wc.py 18
>>> 
======= RESTART: /home/dutc/Dropbox/Cisco Training (2016-Apr-04)/wc.py =======
/home/dutc/Dropbox/Cisco Training (2016-Apr-04)/wc.py 54
>>> 
======= RESTART: /home/dutc/Dropbox/Cisco Training (2016-Apr-04)/wc.py =======
/home/dutc/Dropbox/Cisco Training (2016-Apr-04)/wc.py 60
>>> 
======= RESTART: /home/dutc/Dropbox/Cisco Training (2016-Apr-04)/wc.py =======
/home/dutc/Dropbox/Cisco Training (2016-Apr-04)/wc.py 54
>>> 
======= RESTART: /home/dutc/Dropbox/Cisco Training (2016-Apr-04)/wc.py =======
/home/dutc/Dropbox/Cisco Training (2016-Apr-04)/wc.py 65
>>> 
======= RESTART: /home/dutc/Dropbox/Cisco Training (2016-Apr-04)/wc.py =======
/home/dutc/Dropbox/Cisco Training (2016-Apr-04)/wc.py 72
>>> 
======= RESTART: /home/dutc/Dropbox/Cisco Training (2016-Apr-04)/wc.py =======
/home/dutc/Dropbox/Cisco Training (2016-Apr-04)/wc.py 440
>>> 
======= RESTART: /home/dutc/Dropbox/Cisco Training (2016-Apr-04)/wc.py =======
/home/dutc/Dropbox/Cisco Training (2016-Apr-04)/wc.py 23
>>> 
======= RESTART: /home/dutc/Dropbox/Cisco Training (2016-Apr-04)/wc.py =======
/home/dutc/Dropbox/Cisco Training (2016-Apr-04)/wc.py 24
>>> 
======= RESTART: /home/dutc/Dropbox/Cisco Training (2016-Apr-04)/wc.py =======

Traceback (most recent call last):
  File "/home/dutc/Dropbox/Cisco Training (2016-Apr-04)/wc.py", line 13, in <module>
    mode     = argv[1] if len(argv) >= 3 else '-l'
NameError: name 'argv' is not defined
>>> 
======= RESTART: /home/dutc/Dropbox/Cisco Training (2016-Apr-04)/wc.py =======
/home/dutc/Dropbox/Cisco Training (2016-Apr-04)/wc.py 26
>>> 
======= RESTART: /home/dutc/Dropbox/Cisco Training (2016-Apr-04)/wc.py =======
/home/dutc/Dropbox/Cisco Training (2016-Apr-04)/wc.py 26
>>> 
======= RESTART: /home/dutc/Dropbox/Cisco Training (2016-Apr-04)/wc.py =======
/home/dutc/Dropbox/Cisco Training (2016-Apr-04)/wc.py 26
>>> 
======= RESTART: /home/dutc/Dropbox/Cisco Training (2016-Apr-04)/wc.py =======
/home/dutc/Dropbox/Cisco Training (2016-Apr-04)/wc.py 27
>>> 
======= RESTART: /home/dutc/Dropbox/Cisco Training (2016-Apr-04)/wc.py =======
/home/dutc/Dropbox/Cisco Training (2016-Apr-04)/wc.py 36
>>> 
======= RESTART: /home/dutc/Dropbox/Cisco Training (2016-Apr-04)/wc.py =======
/home/dutc/Dropbox/Cisco Training (2016-Apr-04)/wc.py 43
>>> 
======= RESTART: /home/dutc/Dropbox/Cisco Training (2016-Apr-04)/wc.py =======
/home/dutc/Dropbox/Cisco Training (2016-Apr-04)/wc.py 45
>>> 
======= RESTART: /home/dutc/Dropbox/Cisco Training (2016-Apr-04)/wc.py =======
/home/dutc/Dropbox/Cisco Training (2016-Apr-04)/wc.py 44
>>> 
======= RESTART: /home/dutc/Dropbox/Cisco Training (2016-Apr-04)/wc.py =======
/home/dutc/Dropbox/Cisco Training (2016-Apr-04)/wc.py 44
>>> 
======= RESTART: /home/dutc/Dropbox/Cisco Training (2016-Apr-04)/wc.py =======
/home/dutc/Dropbox/Cisco Training (2016-Apr-04)/wc.py 47
47
>>> 
=== RESTART: /home/dutc/Dropbox/Cisco Training (2016-Apr-04)/starschool.py ===
>>> 
=== RESTART: /home/dutc/Dropbox/Cisco Training (2016-Apr-04)/starschool.py ===
>>> 
=== RESTART: /home/dutc/Dropbox/Cisco Training (2016-Apr-04)/starschool.py ===
>>> print f(10)
None
>>> 
=== RESTART: /home/dutc/Dropbox/Cisco Training (2016-Apr-04)/starschool.py ===
>>> 
=== RESTART: /home/dutc/Dropbox/Cisco Training (2016-Apr-04)/starschool.py ===
>>> f(1)
x = 1
y = 10
(1, 10)
>>> f(10,20)
x = 10
y = 20
(10, 20)
>>> f(10,None)
x = 10
y = None
(10, None)
>>> 
=== RESTART: /home/dutc/Dropbox/Cisco Training (2016-Apr-04)/starschool.py ===
>>> f(10, 20)
x = 10
y = 20
30
>>> f('asdf, 'asdf')
  
SyntaxError: invalid syntax
>>> f('asdf', 'asdf')
x = asdf
y = asdf
'asdfasdf'
>>> f('asdf')
x = asdf
y = 10

Traceback (most recent call last):
  File "<pyshell#10>", line 1, in <module>
    f('asdf')
  File "/home/dutc/Dropbox/Cisco Training (2016-Apr-04)/starschool.py", line 28, in f
    return x + y
TypeError: cannot concatenate 'str' and 'int' objects
>>> help(f)
Help on function f in module __main__:

f(x, y=10)

>>> x = 10
>>> x = 'abc'
>>> x = []
>>> 
>>> x
[]
>>> 
>>> 
=== RESTART: /home/dutc/Dropbox/Cisco Training (2016-Apr-04)/starschool.py ===
x = 1
y = 2
>>> 
=== RESTART: /home/dutc/Dropbox/Cisco Training (2016-Apr-04)/starschool.py ===
x = 1
y = 2
x = (1, 2)
y = 10
>>> 
=== RESTART: /home/dutc/Dropbox/Cisco Training (2016-Apr-04)/starschool.py ===
x = 1
y = 2
x = (1, 2)
y = 10
x = (1, 2)
y = 10
>>> 
=== RESTART: /home/dutc/Dropbox/Cisco Training (2016-Apr-04)/starschool.py ===
x = 1
y = 2
x = (1, 2)
y = 10
x = ((1, 2),)
y = 10
>>> 
=== RESTART: /home/dutc/Dropbox/Cisco Training (2016-Apr-04)/starschool.py ===
x = 1
y = 2
x = (1, 2)
y = 10
x = (1, 2)
y = 10
>>> 
=== RESTART: /home/dutc/Dropbox/Cisco Training (2016-Apr-04)/starschool.py ===
x = 1
y = 2
x = (1, 2)
y = 10
x = (1, 2)
y = 10
-----------------------------------star-args------------------------------------
>>> 
=== RESTART: /home/dutc/Dropbox/Cisco Training (2016-Apr-04)/starschool.py ===
x = 1
y = 2
x = (1, 2)
y = 10
x = (1, 2)
y = 10
-----------------------------------star-args------------------------------------
xs[0] = 10
xs[1] = 20
xs[2] = 30
>>> 
=== RESTART: /home/dutc/Dropbox/Cisco Training (2016-Apr-04)/starschool.py ===
x = 1
y = 2
x = (1, 2)
y = 10
x = (1, 2)
y = 10
-----------------------------------star-args------------------------------------
xs[0] = 10
xs[1] = 20
xs[2] = 30
xs[0] = 10
xs[1] = 20
xs[2] = 30
>>> 
=== RESTART: /home/dutc/Dropbox/Cisco Training (2016-Apr-04)/starschool.py ===
x = 1
y = 2
x = (1, 2)
y = 10
x = (1, 2)
y = 10
-----------------------------------star-args------------------------------------
======================f(xs)=======================
xs[0] = 10
xs[1] = 20
xs[2] = 30
======================f(xs)=======================
xs[0] = 10
xs[1] = 20
xs[2] = 30
>>> 
=== RESTART: /home/dutc/Dropbox/Cisco Training (2016-Apr-04)/starschool.py ===
x = 1
y = 2
x = (1, 2)
y = 10
x = (1, 2)
y = 10
-----------------------------------star-args------------------------------------
======================f(xs)=======================
xs[0] = 10
xs[1] = 20
xs[2] = 30
======================f(xs)=======================
xs[0] = 10
xs[1] = 20
xs[2] = 30
xs[3] = 40
xs[4] = 50
xs[5] = 60
>>> 
=== RESTART: /home/dutc/Dropbox/Cisco Training (2016-Apr-04)/starschool.py ===
x = 1
y = 2
x = (1, 2)
y = 10
x = (1, 2)
y = 10
-----------------------------------star-args------------------------------------
======================f(xs)=======================
xs[0] = 10
xs[1] = 20
xs[2] = 30
======================f(xs)=======================
xs[0] = 10
xs[1] = 20
xs[2] = 30
xs[3] = 40
xs[4] = 50
xs[5] = 60
======================f(*xs)======================
xs[0] = a
======================f(*xs)======================
xs[0] = a
xs[1] = b
xs[2] = c
>>> 
=== RESTART: /home/dutc/Dropbox/Cisco Training (2016-Apr-04)/starschool.py ===
x = 1
y = 2
x = (1, 2)
y = 10
x = (1, 2)
y = 10
-----------------------------------star-args------------------------------------
======================f(xs)=======================
xs[0] = 10
xs[1] = 20
xs[2] = 30
======================f(xs)=======================
xs[0] = 10
xs[1] = 20
xs[2] = 30
xs[3] = 40
xs[4] = 50
xs[5] = 60
======================f(*xs)======================
xs[0] = a
======================f(*xs)======================
xs[0] = a
xs[1] = b
xs[2] = c
======================f(*xs)======================
xs[0] = a
xs[1] = b
xs[2] = c
xs[3] = d
>>> 
=== RESTART: /home/dutc/Dropbox/Cisco Training (2016-Apr-04)/starschool.py ===
x = 1
y = 2
x = (1, 2)
y = 10
x = (1, 2)
y = 10
-----------------------------------star-args------------------------------------
======================f(xs)=======================
xs[0] = 10
xs[1] = 20
xs[2] = 30
======================f(xs)=======================
xs[0] = 10
xs[1] = 20
xs[2] = 30
xs[3] = 40
xs[4] = 50
xs[5] = 60
======================f(*xs)======================
xs[0] = a
======================f(*xs)======================
xs[0] = a
xs[1] = b
xs[2] = c
======================f(*xs)======================
xs[0] = a
xs[1] = b
xs[2] = c
xs[3] = d
======================f(*xs)======================
xs[0] = ('a', 'b', 'c')
>>> 
=== RESTART: /home/dutc/Dropbox/Cisco Training (2016-Apr-04)/starschool.py ===
x = 1
y = 2
x = (1, 2)
y = 10
x = (1, 2)
y = 10
-----------------------------------star-args------------------------------------
======================f(xs)=======================
xs[0] = 10
xs[1] = 20
xs[2] = 30
======================f(xs)=======================
xs[0] = 10
xs[1] = 20
xs[2] = 30
xs[3] = 40
xs[4] = 50
xs[5] = 60
======================f(*xs)======================
xs[0] = a
======================f(*xs)======================
xs[0] = a
xs[1] = b
xs[2] = c
======================f(*xs)======================
xs[0] = a
xs[1] = b
xs[2] = c
xs[3] = d
======================f(*xs)======================
xs[0] = ('a', 'b', 'c')
======================f(*xs)======================
xs[0] = ['a', 'b', 'c']
xs[1] = ['d', 'e', 'f']
xs[2] = ('h', 'i', 'j')
>>> 
=== RESTART: /home/dutc/Dropbox/Cisco Training (2016-Apr-04)/starschool.py ===
x = 1
y = 2
x = (1, 2)
y = 10
x = (1, 2)
y = 10
-----------------------------------star-args------------------------------------
======================f(xs)=======================
xs[0] = 10
xs[1] = 20
xs[2] = 30
======================f(xs)=======================
xs[0] = 10
xs[1] = 20
xs[2] = 30
xs[3] = 40
xs[4] = 50
xs[5] = 60
======================f(*xs)======================
xs[0] = a
======================f(*xs)======================
xs[0] = a
xs[1] = b
xs[2] = c
======================f(*xs)======================
xs[0] = a
xs[1] = b
xs[2] = c
xs[3] = d
======================f(*xs)======================
xs[0] = ('a', 'b', 'c')
======================f(*xs)======================
xs[0] = ['a', 'b', 'c']
xs[1] = ['d', 'e', 'f']
xs[2] = ('h', 'i', 'j')
>>> 
=== RESTART: /home/dutc/Dropbox/Cisco Training (2016-Apr-04)/starschool.py ===
x = 1
y = 2
x = (1, 2)
y = 10
x = (1, 2)
y = 10
-----------------------------------star-args------------------------------------
======================f(xs)=======================
xs[0] = 10
xs[1] = 20
xs[2] = 30
======================f(xs)=======================
xs[0] = 10
xs[1] = 20
xs[2] = 30
xs[3] = 40
xs[4] = 50
xs[5] = 60
======================f(*xs)======================
xs[0] = a
======================f(*xs)======================
xs[0] = a
xs[1] = b
xs[2] = c
======================f(*xs)======================
xs[0] = a
xs[1] = b
xs[2] = c
xs[3] = d
======================f(*xs)======================
xs[0] = ('a', 'b', 'c')
======================f(*xs)======================
xs[0] = ['a', 'b', 'c']
xs[1] = ['d', 'e', 'f']
xs[2] = ('h', 'i', 'j')
==================f(x, y=1, z=2)==================
x = 10
y = 1
z = 2
>>> 
=== RESTART: /home/dutc/Dropbox/Cisco Training (2016-Apr-04)/starschool.py ===
x = 1
y = 2
x = (1, 2)
y = 10
x = (1, 2)
y = 10
-----------------------------------star-args------------------------------------
======================f(xs)=======================
xs[0] = 10
xs[1] = 20
xs[2] = 30
======================f(xs)=======================
xs[0] = 10
xs[1] = 20
xs[2] = 30
xs[3] = 40
xs[4] = 50
xs[5] = 60
======================f(*xs)======================
xs[0] = a
======================f(*xs)======================
xs[0] = a
xs[1] = b
xs[2] = c
======================f(*xs)======================
xs[0] = a
xs[1] = b
xs[2] = c
xs[3] = d
======================f(*xs)======================
xs[0] = ('a', 'b', 'c')
======================f(*xs)======================
xs[0] = ['a', 'b', 'c']
xs[1] = ['d', 'e', 'f']
xs[2] = ('h', 'i', 'j')
==================f(x, y=1, z=2)==================
x = 10
y = 1
z = 2
==================f(x, y=1, z=2)==================
x = 10
y = 20
z = 2
==================f(x, y=1, z=2)==================
x = 10
y = 1
z = 20
==================f(x, y=1, z=2)==================
x = 10
y = 30
z = 20
>>> 
=== RESTART: /home/dutc/Dropbox/Cisco Training (2016-Apr-04)/starschool.py ===
x = 1
y = 2
x = (1, 2)
y = 10
x = (1, 2)
y = 10
-----------------------------------star-args------------------------------------
======================f(xs)=======================
xs[0] = 10
xs[1] = 20
xs[2] = 30
======================f(xs)=======================
xs[0] = 10
xs[1] = 20
xs[2] = 30
xs[3] = 40
xs[4] = 50
xs[5] = 60
======================f(*xs)======================
xs[0] = a
======================f(*xs)======================
xs[0] = a
xs[1] = b
xs[2] = c
======================f(*xs)======================
xs[0] = a
xs[1] = b
xs[2] = c
xs[3] = d
======================f(*xs)======================
xs[0] = ('a', 'b', 'c')
======================f(*xs)======================
xs[0] = ['a', 'b', 'c']
xs[1] = ['d', 'e', 'f']
xs[2] = ('h', 'i', 'j')
==================f(x, y=1, z=2)==================
x = 10
y = 1
z = 2
==================f(x, y=1, z=2)==================
x = 10
y = 20
z = 2
==================f(x, y=1, z=2)==================
x = 10
y = 1
z = 20
==================f(x, y=1, z=2)==================
x = 10
y = 30
z = 20
==================f(x, y=1, z=2)==================
x = 20
y = 30
z = 10
>>> 
=== RESTART: /home/dutc/Dropbox/Cisco Training (2016-Apr-04)/starschool.py ===
x = 1
y = 2
x = (1, 2)
y = 10
x = (1, 2)
y = 10
-----------------------------------star-args------------------------------------
======================f(xs)=======================
xs[0] = 10
xs[1] = 20
xs[2] = 30
======================f(xs)=======================
xs[0] = 10
xs[1] = 20
xs[2] = 30
xs[3] = 40
xs[4] = 50
xs[5] = 60
======================f(*xs)======================
xs[0] = a
======================f(*xs)======================
xs[0] = a
xs[1] = b
xs[2] = c
======================f(*xs)======================
xs[0] = a
xs[1] = b
xs[2] = c
xs[3] = d
======================f(*xs)======================
xs[0] = ('a', 'b', 'c')
======================f(*xs)======================
xs[0] = ['a', 'b', 'c']
xs[1] = ['d', 'e', 'f']
xs[2] = ('h', 'i', 'j')
==================f(x, y=1, z=2)==================
x = 10
y = 1
z = 2
==================f(x, y=1, z=2)==================
x = 10
y = 20
z = 2
==================f(x, y=1, z=2)==================
x = 10
y = 1
z = 20
==================f(x, y=1, z=2)==================
x = 10
y = 30
z = 20
==================f(x, y=1, z=2)==================
x = 20
y = 30
z = 10

Traceback (most recent call last):
  File "/home/dutc/Dropbox/Cisco Training (2016-Apr-04)/starschool.py", line 74, in <module>
    f(30, x=20)
TypeError: f() got multiple values for keyword argument 'x'
>>> 
=== RESTART: /home/dutc/Dropbox/Cisco Training (2016-Apr-04)/starschool.py ===
x = 1
y = 2
x = (1, 2)
y = 10
x = (1, 2)
y = 10
-----------------------------------star-args------------------------------------
======================f(xs)=======================
xs[0] = 10
xs[1] = 20
xs[2] = 30
======================f(xs)=======================
xs[0] = 10
xs[1] = 20
xs[2] = 30
xs[3] = 40
xs[4] = 50
xs[5] = 60
======================f(*xs)======================
xs[0] = a
======================f(*xs)======================
xs[0] = a
xs[1] = b
xs[2] = c
======================f(*xs)======================
xs[0] = a
xs[1] = b
xs[2] = c
xs[3] = d
======================f(*xs)======================
xs[0] = ('a', 'b', 'c')
======================f(*xs)======================
xs[0] = ['a', 'b', 'c']
xs[1] = ['d', 'e', 'f']
xs[2] = ('h', 'i', 'j')
==================f(x, y=1, z=2)==================
x = 10
y = 1
z = 2
==================f(x, y=1, z=2)==================
x = 10
y = 20
z = 2
==================f(x, y=1, z=2)==================
x = 10
y = 1
z = 20
==================f(x, y=1, z=2)==================
x = 10
y = 30
z = 20
==================f(x, y=1, z=2)==================
x = 20
y = 30
z = 10
===============f(x, y=1, z=2, **kw)===============
x = 10
y = 1
z = 2
kw = {}
===============f(x, y=1, z=2, **kw)===============
x = 10
y = 20
z = 2
kw = {}
>>> 
=== RESTART: /home/dutc/Dropbox/Cisco Training (2016-Apr-04)/starschool.py ===
x = 1
y = 2
x = (1, 2)
y = 10
x = (1, 2)
y = 10
-----------------------------------star-args------------------------------------
======================f(xs)=======================
xs[0] = 10
xs[1] = 20
xs[2] = 30
======================f(xs)=======================
xs[0] = 10
xs[1] = 20
xs[2] = 30
xs[3] = 40
xs[4] = 50
xs[5] = 60
======================f(*xs)======================
xs[0] = a
======================f(*xs)======================
xs[0] = a
xs[1] = b
xs[2] = c
======================f(*xs)======================
xs[0] = a
xs[1] = b
xs[2] = c
xs[3] = d
======================f(*xs)======================
xs[0] = ('a', 'b', 'c')
======================f(*xs)======================
xs[0] = ['a', 'b', 'c']
xs[1] = ['d', 'e', 'f']
xs[2] = ('h', 'i', 'j')
==================f(x, y=1, z=2)==================
x = 10
y = 1
z = 2
==================f(x, y=1, z=2)==================
x = 10
y = 20
z = 2
==================f(x, y=1, z=2)==================
x = 10
y = 1
z = 20
==================f(x, y=1, z=2)==================
x = 10
y = 30
z = 20
==================f(x, y=1, z=2)==================
x = 20
y = 30
z = 10
===============f(x, y=1, z=2, **kw)===============
x = 10
y = 1
z = 2
kw = {}
===============f(x, y=1, z=2, **kw)===============
x = 10
y = 20
z = 2
kw = {}
===============f(x, y=1, z=2, **kw)===============
x = 10
y = 1
z = 2
kw = {'abc': 456}
>>> 
=== RESTART: /home/dutc/Dropbox/Cisco Training (2016-Apr-04)/starschool.py ===
x = 1
y = 2
x = (1, 2)
y = 10
x = (1, 2)
y = 10
-----------------------------------star-args------------------------------------
======================f(xs)=======================
xs[0] = 10
xs[1] = 20
xs[2] = 30
======================f(xs)=======================
xs[0] = 10
xs[1] = 20
xs[2] = 30
xs[3] = 40
xs[4] = 50
xs[5] = 60
======================f(*xs)======================
xs[0] = a
======================f(*xs)======================
xs[0] = a
xs[1] = b
xs[2] = c
======================f(*xs)======================
xs[0] = a
xs[1] = b
xs[2] = c
xs[3] = d
======================f(*xs)======================
xs[0] = ('a', 'b', 'c')
======================f(*xs)======================
xs[0] = ['a', 'b', 'c']
xs[1] = ['d', 'e', 'f']
xs[2] = ('h', 'i', 'j')
==================f(x, y=1, z=2)==================
x = 10
y = 1
z = 2
==================f(x, y=1, z=2)==================
x = 10
y = 20
z = 2
==================f(x, y=1, z=2)==================
x = 10
y = 1
z = 20
==================f(x, y=1, z=2)==================
x = 10
y = 30
z = 20
==================f(x, y=1, z=2)==================
x = 20
y = 30
z = 10
===============f(x, y=1, z=2, **kw)===============
x = 10
y = 1
z = 2
kw = {}
===============f(x, y=1, z=2, **kw)===============
x = 10
y = 20
z = 2
kw = {}
===============f(x, y=1, z=2, **kw)===============
x = 10
y = 1
z = 2
kw = {'xyz': 678, 'abc': 456}
>>> 
=== RESTART: /home/dutc/Dropbox/Cisco Training (2016-Apr-04)/starschool.py ===
x = 1
y = 2
x = (1, 2)
y = 10
x = (1, 2)
y = 10
-----------------------------------star-args------------------------------------
======================f(xs)=======================
xs[0] = 10
xs[1] = 20
xs[2] = 30
======================f(xs)=======================
xs[0] = 10
xs[1] = 20
xs[2] = 30
xs[3] = 40
xs[4] = 50
xs[5] = 60
======================f(*xs)======================
xs[0] = a
======================f(*xs)======================
xs[0] = a
xs[1] = b
xs[2] = c
======================f(*xs)======================
xs[0] = a
xs[1] = b
xs[2] = c
xs[3] = d
======================f(*xs)======================
xs[0] = ('a', 'b', 'c')
======================f(*xs)======================
xs[0] = ['a', 'b', 'c']
xs[1] = ['d', 'e', 'f']
xs[2] = ('h', 'i', 'j')
==================f(x, y=1, z=2)==================
x = 10
y = 1
z = 2
==================f(x, y=1, z=2)==================
x = 10
y = 20
z = 2
==================f(x, y=1, z=2)==================
x = 10
y = 1
z = 20
==================f(x, y=1, z=2)==================
x = 10
y = 30
z = 20
==================f(x, y=1, z=2)==================
x = 20
y = 30
z = 10
===============f(x, y=1, z=2, **kw)===============
x = 10
y = 1
z = 2
kw = {}
===============f(x, y=1, z=2, **kw)===============
x = 10
y = 20
z = 2
kw = {}
===============f(x, y=1, z=2, **kw)===============
x = 10
y = 1
z = 2
kw = {'xyz': 678, 'abc': 456}
>>> 
=== RESTART: /home/dutc/Dropbox/Cisco Training (2016-Apr-04)/starschool.py ===
x = 1
y = 2
x = (1, 2)
y = 10
x = (1, 2)
y = 10
-----------------------------------star-args------------------------------------
======================f(xs)=======================
xs[0] = 10
xs[1] = 20
xs[2] = 30
======================f(xs)=======================
xs[0] = 10
xs[1] = 20
xs[2] = 30
xs[3] = 40
xs[4] = 50
xs[5] = 60
======================f(*xs)======================
xs[0] = a
======================f(*xs)======================
xs[0] = a
xs[1] = b
xs[2] = c
======================f(*xs)======================
xs[0] = a
xs[1] = b
xs[2] = c
xs[3] = d
======================f(*xs)======================
xs[0] = ('a', 'b', 'c')
======================f(*xs)======================
xs[0] = ['a', 'b', 'c']
xs[1] = ['d', 'e', 'f']
xs[2] = ('h', 'i', 'j')
==================f(x, y=1, z=2)==================
x = 10
y = 1
z = 2
==================f(x, y=1, z=2)==================
x = 10
y = 20
z = 2
==================f(x, y=1, z=2)==================
x = 10
y = 1
z = 20
==================f(x, y=1, z=2)==================
x = 10
y = 30
z = 20
==================f(x, y=1, z=2)==================
x = 20
y = 30
z = 10
===============f(x, y=1, z=2, **kw)===============
x = 10
y = 1
z = 2
kw = {}
===============f(x, y=1, z=2, **kw)===============
x = 10
y = 20
z = 2
kw = {}
===============f(x, y=1, z=2, **kw)===============
x = 10
y = 1
z = 2
kw = {'xyz': 678, 'abc': 456}
x= 10
y= 1
z= 2
args= ()
kwargs= {}
x= 10
y= abc
z= 2
args= ()
kwargs= {}
>>> 
=== RESTART: /home/dutc/Dropbox/Cisco Training (2016-Apr-04)/starschool.py ===
x = 1
y = 2
x = (1, 2)
y = 10
x = (1, 2)
y = 10
-----------------------------------star-args------------------------------------
======================f(xs)=======================
xs[0] = 10
xs[1] = 20
xs[2] = 30
======================f(xs)=======================
xs[0] = 10
xs[1] = 20
xs[2] = 30
xs[3] = 40
xs[4] = 50
xs[5] = 60
======================f(*xs)======================
xs[0] = a
======================f(*xs)======================
xs[0] = a
xs[1] = b
xs[2] = c
======================f(*xs)======================
xs[0] = a
xs[1] = b
xs[2] = c
xs[3] = d
======================f(*xs)======================
xs[0] = ('a', 'b', 'c')
======================f(*xs)======================
xs[0] = ['a', 'b', 'c']
xs[1] = ['d', 'e', 'f']
xs[2] = ('h', 'i', 'j')
==================f(x, y=1, z=2)==================
x = 10
y = 1
z = 2
==================f(x, y=1, z=2)==================
x = 10
y = 20
z = 2
==================f(x, y=1, z=2)==================
x = 10
y = 1
z = 20
==================f(x, y=1, z=2)==================
x = 10
y = 30
z = 20
==================f(x, y=1, z=2)==================
x = 20
y = 30
z = 10
===============f(x, y=1, z=2, **kw)===============
x = 10
y = 1
z = 2
kw = {}
===============f(x, y=1, z=2, **kw)===============
x = 10
y = 20
z = 2
kw = {}
===============f(x, y=1, z=2, **kw)===============
x = 10
y = 1
z = 2
kw = {'xyz': 678, 'abc': 456}
=========f(x, y=1, z=2, *args, **kwargs)==========
x= 10
y= 1
z= 2
args= ()
kwargs= {}
>>> 
=== RESTART: /home/dutc/Dropbox/Cisco Training (2016-Apr-04)/starschool.py ===
x = 1
y = 2
x = (1, 2)
y = 10
x = (1, 2)
y = 10
-----------------------------------star-args------------------------------------
======================f(xs)=======================
xs[0] = 10
xs[1] = 20
xs[2] = 30
======================f(xs)=======================
xs[0] = 10
xs[1] = 20
xs[2] = 30
xs[3] = 40
xs[4] = 50
xs[5] = 60
======================f(*xs)======================
xs[0] = a
======================f(*xs)======================
xs[0] = a
xs[1] = b
xs[2] = c
======================f(*xs)======================
xs[0] = a
xs[1] = b
xs[2] = c
xs[3] = d
======================f(*xs)======================
xs[0] = ('a', 'b', 'c')
======================f(*xs)======================
xs[0] = ['a', 'b', 'c']
xs[1] = ['d', 'e', 'f']
xs[2] = ('h', 'i', 'j')
==================f(x, y=1, z=2)==================
x = 10
y = 1
z = 2
==================f(x, y=1, z=2)==================
x = 10
y = 20
z = 2
==================f(x, y=1, z=2)==================
x = 10
y = 1
z = 20
==================f(x, y=1, z=2)==================
x = 10
y = 30
z = 20
==================f(x, y=1, z=2)==================
x = 20
y = 30
z = 10
===============f(x, y=1, z=2, **kw)===============
x = 10
y = 1
z = 2
kw = {}
===============f(x, y=1, z=2, **kw)===============
x = 10
y = 20
z = 2
kw = {}
===============f(x, y=1, z=2, **kw)===============
x = 10
y = 1
z = 2
kw = {'xyz': 678, 'abc': 456}
=========f(x, y=1, z=2, *args, **kwargs)==========
x= 10
y= 1
z= 2
args= ()
kwargs= {}
=========f(x, y=1, z=2, *args, **kwargs)==========
x= 10
y= abc
z= 2
args= ()
kwargs= {}
>>> 
=== RESTART: /home/dutc/Dropbox/Cisco Training (2016-Apr-04)/starschool.py ===
x = 1
y = 2
x = (1, 2)
y = 10
x = (1, 2)
y = 10
-----------------------------------star-args------------------------------------
======================f(xs)=======================
xs[0] = 10
xs[1] = 20
xs[2] = 30
======================f(xs)=======================
xs[0] = 10
xs[1] = 20
xs[2] = 30
xs[3] = 40
xs[4] = 50
xs[5] = 60
======================f(*xs)======================
xs[0] = a
======================f(*xs)======================
xs[0] = a
xs[1] = b
xs[2] = c
======================f(*xs)======================
xs[0] = a
xs[1] = b
xs[2] = c
xs[3] = d
======================f(*xs)======================
xs[0] = ('a', 'b', 'c')
======================f(*xs)======================
xs[0] = ['a', 'b', 'c']
xs[1] = ['d', 'e', 'f']
xs[2] = ('h', 'i', 'j')
==================f(x, y=1, z=2)==================
x = 10
y = 1
z = 2
==================f(x, y=1, z=2)==================
x = 10
y = 20
z = 2
==================f(x, y=1, z=2)==================
x = 10
y = 1
z = 20
==================f(x, y=1, z=2)==================
x = 10
y = 30
z = 20
==================f(x, y=1, z=2)==================
x = 20
y = 30
z = 10
===============f(x, y=1, z=2, **kw)===============
x = 10
y = 1
z = 2
kw = {}
===============f(x, y=1, z=2, **kw)===============
x = 10
y = 20
z = 2
kw = {}
===============f(x, y=1, z=2, **kw)===============
x = 10
y = 1
z = 2
kw = {'xyz': 678, 'abc': 456}
=========f(x, y=1, z=2, *args, **kwargs)==========
x= 10
y= 1
z= 2
args= ()
kwargs= {}
=========f(x, y=1, z=2, *args, **kwargs)==========
x= 10
y= abc
z= 2
args= ()
kwargs= {}
=========f(x, y=1, z=2, *args, **kwargs)==========
x= 10
y= 1
z= 3
args= ()
kwargs= {}
>>> 
=== RESTART: /home/dutc/Dropbox/Cisco Training (2016-Apr-04)/starschool.py ===
x = 1
y = 2
x = (1, 2)
y = 10
x = (1, 2)
y = 10
-----------------------------------star-args------------------------------------
======================f(xs)=======================
xs[0] = 10
xs[1] = 20
xs[2] = 30
======================f(xs)=======================
xs[0] = 10
xs[1] = 20
xs[2] = 30
xs[3] = 40
xs[4] = 50
xs[5] = 60
======================f(*xs)======================
xs[0] = a
======================f(*xs)======================
xs[0] = a
xs[1] = b
xs[2] = c
======================f(*xs)======================
xs[0] = a
xs[1] = b
xs[2] = c
xs[3] = d
======================f(*xs)======================
xs[0] = ('a', 'b', 'c')
======================f(*xs)======================
xs[0] = ['a', 'b', 'c']
xs[1] = ['d', 'e', 'f']
xs[2] = ('h', 'i', 'j')
==================f(x, y=1, z=2)==================
x = 10
y = 1
z = 2
==================f(x, y=1, z=2)==================
x = 10
y = 20
z = 2
==================f(x, y=1, z=2)==================
x = 10
y = 1
z = 20
==================f(x, y=1, z=2)==================
x = 10
y = 30
z = 20
==================f(x, y=1, z=2)==================
x = 20
y = 30
z = 10
===============f(x, y=1, z=2, **kw)===============
x = 10
y = 1
z = 2
kw = {}
===============f(x, y=1, z=2, **kw)===============
x = 10
y = 20
z = 2
kw = {}
===============f(x, y=1, z=2, **kw)===============
x = 10
y = 1
z = 2
kw = {'xyz': 678, 'abc': 456}
=========f(x, y=1, z=2, *args, **kwargs)==========
x= 10
y= 1
z= 2
args= ()
kwargs= {}
=========f(x, y=1, z=2, *args, **kwargs)==========
x= 10
y= abc
z= 2
args= ()
kwargs= {}
=========f(x, y=1, z=2, *args, **kwargs)==========
x= 10
y= 1
z= 3
args= ()
kwargs= {}
=========f(x, y=1, z=2, *args, **kwargs)==========
x= 10
y= 20
z= 30
args= ()
kwargs= {}
>>> 
=== RESTART: /home/dutc/Dropbox/Cisco Training (2016-Apr-04)/starschool.py ===
x = 1
y = 2
x = (1, 2)
y = 10
x = (1, 2)
y = 10
-----------------------------------star-args------------------------------------
======================f(xs)=======================
xs[0] = 10
xs[1] = 20
xs[2] = 30
======================f(xs)=======================
xs[0] = 10
xs[1] = 20
xs[2] = 30
xs[3] = 40
xs[4] = 50
xs[5] = 60
======================f(*xs)======================
xs[0] = a
======================f(*xs)======================
xs[0] = a
xs[1] = b
xs[2] = c
======================f(*xs)======================
xs[0] = a
xs[1] = b
xs[2] = c
xs[3] = d
======================f(*xs)======================
xs[0] = ('a', 'b', 'c')
======================f(*xs)======================
xs[0] = ['a', 'b', 'c']
xs[1] = ['d', 'e', 'f']
xs[2] = ('h', 'i', 'j')
==================f(x, y=1, z=2)==================
x = 10
y = 1
z = 2
==================f(x, y=1, z=2)==================
x = 10
y = 20
z = 2
==================f(x, y=1, z=2)==================
x = 10
y = 1
z = 20
==================f(x, y=1, z=2)==================
x = 10
y = 30
z = 20
==================f(x, y=1, z=2)==================
x = 20
y = 30
z = 10
===============f(x, y=1, z=2, **kw)===============
x = 10
y = 1
z = 2
kw = {}
===============f(x, y=1, z=2, **kw)===============
x = 10
y = 20
z = 2
kw = {}
===============f(x, y=1, z=2, **kw)===============
x = 10
y = 1
z = 2
kw = {'xyz': 678, 'abc': 456}
=========f(x, y=1, z=2, *args, **kwargs)==========
x= 10
y= 1
z= 2
args= ()
kwargs= {}
=========f(x, y=1, z=2, *args, **kwargs)==========
x= 10
y= abc
z= 2
args= ()
kwargs= {}
=========f(x, y=1, z=2, *args, **kwargs)==========
x= 10
y= 1
z= 3
args= ()
kwargs= {}
=========f(x, y=1, z=2, *args, **kwargs)==========
x= 10
y= 20
z= 30
args= ()
kwargs= {}
=========f(x, y=1, z=2, *args, **kwargs)==========
x= 10
y= 20
z= 30
args= (40, 50, 60)
kwargs= {}
>>> 
=== RESTART: /home/dutc/Dropbox/Cisco Training (2016-Apr-04)/starschool.py ===
x = 1
y = 2
x = (1, 2)
y = 10
x = (1, 2)
y = 10
-----------------------------------star-args------------------------------------
======================f(xs)=======================
xs[0] = 10
xs[1] = 20
xs[2] = 30
======================f(xs)=======================
xs[0] = 10
xs[1] = 20
xs[2] = 30
xs[3] = 40
xs[4] = 50
xs[5] = 60
======================f(*xs)======================
xs[0] = a
======================f(*xs)======================
xs[0] = a
xs[1] = b
xs[2] = c
======================f(*xs)======================
xs[0] = a
xs[1] = b
xs[2] = c
xs[3] = d
======================f(*xs)======================
xs[0] = ('a', 'b', 'c')
======================f(*xs)======================
xs[0] = ['a', 'b', 'c']
xs[1] = ['d', 'e', 'f']
xs[2] = ('h', 'i', 'j')
==================f(x, y=1, z=2)==================
x = 10
y = 1
z = 2
==================f(x, y=1, z=2)==================
x = 10
y = 20
z = 2
==================f(x, y=1, z=2)==================
x = 10
y = 1
z = 20
==================f(x, y=1, z=2)==================
x = 10
y = 30
z = 20
==================f(x, y=1, z=2)==================
x = 20
y = 30
z = 10
===============f(x, y=1, z=2, **kw)===============
x = 10
y = 1
z = 2
kw = {}
===============f(x, y=1, z=2, **kw)===============
x = 10
y = 20
z = 2
kw = {}
===============f(x, y=1, z=2, **kw)===============
x = 10
y = 1
z = 2
kw = {'xyz': 678, 'abc': 456}
=========f(x, y=1, z=2, *args, **kwargs)==========
x= 10
y= 1
z= 2
args= ()
kwargs= {}
=========f(x, y=1, z=2, *args, **kwargs)==========
x= 10
y= abc
z= 2
args= ()
kwargs= {}
=========f(x, y=1, z=2, *args, **kwargs)==========
x= 10
y= 1
z= 3
args= ()
kwargs= {}
=========f(x, y=1, z=2, *args, **kwargs)==========
x= 10
y= 20
z= 30
args= ()
kwargs= {}
=========f(x, y=1, z=2, *args, **kwargs)==========
x= 10
y= 20
z= 30
args= (40, 50, 60)
kwargs= {}
=========f(x, y=1, z=2, *args, **kwargs)==========
x= 10
y= 20
z= 30
args= (40, 50, 60)
kwargs= {'a': 10, 'c': 30, 'b': 20}
>>> 
=== RESTART: /home/dutc/Dropbox/Cisco Training (2016-Apr-04)/starschool.py ===
x = 1
y = 2
x = (1, 2)
y = 10
x = (1, 2)
y = 10
-----------------------------------star-args------------------------------------
======================f(xs)=======================
xs[0] = 10
xs[1] = 20
xs[2] = 30
======================f(xs)=======================
xs[0] = 10
xs[1] = 20
xs[2] = 30
xs[3] = 40
xs[4] = 50
xs[5] = 60
======================f(*xs)======================
xs[0] = a
======================f(*xs)======================
xs[0] = a
xs[1] = b
xs[2] = c
======================f(*xs)======================
xs[0] = a
xs[1] = b
xs[2] = c
xs[3] = d
======================f(*xs)======================
xs[0] = ('a', 'b', 'c')
======================f(*xs)======================
xs[0] = ['a', 'b', 'c']
xs[1] = ['d', 'e', 'f']
xs[2] = ('h', 'i', 'j')
==================f(x, y=1, z=2)==================
x = 10
y = 1
z = 2
==================f(x, y=1, z=2)==================
x = 10
y = 20
z = 2
==================f(x, y=1, z=2)==================
x = 10
y = 1
z = 20
==================f(x, y=1, z=2)==================
x = 10
y = 30
z = 20
==================f(x, y=1, z=2)==================
x = 20
y = 30
z = 10
===============f(x, y=1, z=2, **kw)===============
x = 10
y = 1
z = 2
kw = {}
===============f(x, y=1, z=2, **kw)===============
x = 10
y = 20
z = 2
kw = {}
===============f(x, y=1, z=2, **kw)===============
x = 10
y = 1
z = 2
kw = {'xyz': 678, 'abc': 456}
=========f(x, y=1, z=2, *args, **kwargs)==========
x= 10
y= 1
z= 2
args= ()
kwargs= {}
=========f(x, y=1, z=2, *args, **kwargs)==========
x= 10
y= abc
z= 2
args= ()
kwargs= {}
=========f(x, y=1, z=2, *args, **kwargs)==========
x= 10
y= 1
z= 3
args= ()
kwargs= {}
=========f(x, y=1, z=2, *args, **kwargs)==========
x= 10
y= 20
z= 30
args= ()
kwargs= {}
=========f(x, y=1, z=2, *args, **kwargs)==========
x= 10
y= 20
z= 30
args= (40, 50, 60)
kwargs= {}
=========f(x, y=1, z=2, *args, **kwargs)==========
x= 10
y= 20
z= 30
args= (40, 50, 60)
kwargs= {'a': 10, 'c': 30, 'b': 20}
>>> 
=== RESTART: /home/dutc/Dropbox/Cisco Training (2016-Apr-04)/starschool.py ===
x = 1
y = 2
x = (1, 2)
y = 10
x = (1, 2)
y = 10
-----------------------------------star-args------------------------------------
======================f(xs)=======================
xs[0] = 10
xs[1] = 20
xs[2] = 30
======================f(xs)=======================
xs[0] = 10
xs[1] = 20
xs[2] = 30
xs[3] = 40
xs[4] = 50
xs[5] = 60
======================f(*xs)======================
xs[0] = a
======================f(*xs)======================
xs[0] = a
xs[1] = b
xs[2] = c
======================f(*xs)======================
xs[0] = a
xs[1] = b
xs[2] = c
xs[3] = d
======================f(*xs)======================
xs[0] = ('a', 'b', 'c')
======================f(*xs)======================
xs[0] = ['a', 'b', 'c']
xs[1] = ['d', 'e', 'f']
xs[2] = ('h', 'i', 'j')
==================f(x, y=1, z=2)==================
x = 10
y = 1
z = 2
==================f(x, y=1, z=2)==================
x = 10
y = 20
z = 2
==================f(x, y=1, z=2)==================
x = 10
y = 1
z = 20
==================f(x, y=1, z=2)==================
x = 10
y = 30
z = 20
==================f(x, y=1, z=2)==================
x = 20
y = 30
z = 10
===============f(x, y=1, z=2, **kw)===============
x = 10
y = 1
z = 2
kw = {}
===============f(x, y=1, z=2, **kw)===============
x = 10
y = 20
z = 2
kw = {}
===============f(x, y=1, z=2, **kw)===============
x = 10
y = 1
z = 2
kw = {'xyz': 678, 'abc': 456}
=========f(x, y=1, z=2, *args, **kwargs)==========
x= 10
y= 1
z= 2
args= ()
kwargs= {}
=========f(x, y=1, z=2, *args, **kwargs)==========
x= 10
y= abc
z= 2
args= ()
kwargs= {}
=========f(x, y=1, z=2, *args, **kwargs)==========
x= 10
y= 1
z= 3
args= ()
kwargs= {}
=========f(x, y=1, z=2, *args, **kwargs)==========
x= 10
y= 20
z= 30
args= ()
kwargs= {}
=========f(x, y=1, z=2, *args, **kwargs)==========
x= 10
y= 20
z= 30
args= (40, 50, 60)
kwargs= {}
=========f(x, y=1, z=2, *args, **kwargs)==========
x= 10
y= 20
z= 30
args= (40, 50, 60)
kwargs= {'a': 10, 'c': 30, 'b': 20}
>>> a,b,c
(1, 2, 3)
>>> d,e,f
(4, 5, 6)
>>> 
=== RESTART: /home/dutc/Dropbox/Cisco Training (2016-Apr-04)/starschool.py ===
x = 1
y = 2
x = (1, 2)
y = 10
x = (1, 2)
y = 10
-----------------------------------star-args------------------------------------
======================f(xs)=======================
xs[0] = 10
xs[1] = 20
xs[2] = 30
======================f(xs)=======================
xs[0] = 10
xs[1] = 20
xs[2] = 30
xs[3] = 40
xs[4] = 50
xs[5] = 60
======================f(*xs)======================
xs[0] = a
======================f(*xs)======================
xs[0] = a
xs[1] = b
xs[2] = c
======================f(*xs)======================
xs[0] = a
xs[1] = b
xs[2] = c
xs[3] = d
======================f(*xs)======================
xs[0] = ('a', 'b', 'c')
======================f(*xs)======================
xs[0] = ['a', 'b', 'c']
xs[1] = ['d', 'e', 'f']
xs[2] = ('h', 'i', 'j')
==================f(x, y=1, z=2)==================
x = 10
y = 1
z = 2
==================f(x, y=1, z=2)==================
x = 10
y = 20
z = 2
==================f(x, y=1, z=2)==================
x = 10
y = 1
z = 20
==================f(x, y=1, z=2)==================
x = 10
y = 30
z = 20
==================f(x, y=1, z=2)==================
x = 20
y = 30
z = 10
===============f(x, y=1, z=2, **kw)===============
x = 10
y = 1
z = 2
kw = {}
===============f(x, y=1, z=2, **kw)===============
x = 10
y = 20
z = 2
kw = {}
===============f(x, y=1, z=2, **kw)===============
x = 10
y = 1
z = 2
kw = {'xyz': 678, 'abc': 456}
=========f(x, y=1, z=2, *args, **kwargs)==========
x= 10
y= 1
z= 2
args= ()
kwargs= {}
=========f(x, y=1, z=2, *args, **kwargs)==========
x= 10
y= abc
z= 2
args= ()
kwargs= {}
=========f(x, y=1, z=2, *args, **kwargs)==========
x= 10
y= 1
z= 3
args= ()
kwargs= {}
=========f(x, y=1, z=2, *args, **kwargs)==========
x= 10
y= 20
z= 30
args= ()
kwargs= {}
=========f(x, y=1, z=2, *args, **kwargs)==========
x= 10
y= 20
z= 30
args= (40, 50, 60)
kwargs= {}
=========f(x, y=1, z=2, *args, **kwargs)==========
x= 10
y= 20
z= 30
args= (40, 50, 60)
kwargs= {'a': 10, 'c': 30, 'b': 20}

Traceback (most recent call last):
  File "/home/dutc/Dropbox/Cisco Training (2016-Apr-04)/starschool.py", line 125, in <module>
    f(a,b,c,d,e,f)
TypeError: 'int' object is not callable
>>> 
=== RESTART: /home/dutc/Dropbox/Cisco Training (2016-Apr-04)/starschool.py ===
x = 1
y = 2
x = (1, 2)
y = 10
x = (1, 2)
y = 10
-----------------------------------star-args------------------------------------
======================f(xs)=======================
xs[0] = 10
xs[1] = 20
xs[2] = 30
======================f(xs)=======================
xs[0] = 10
xs[1] = 20
xs[2] = 30
xs[3] = 40
xs[4] = 50
xs[5] = 60
======================f(*xs)======================
xs[0] = a
======================f(*xs)======================
xs[0] = a
xs[1] = b
xs[2] = c
======================f(*xs)======================
xs[0] = a
xs[1] = b
xs[2] = c
xs[3] = d
======================f(*xs)======================
xs[0] = ('a', 'b', 'c')
======================f(*xs)======================
xs[0] = ['a', 'b', 'c']
xs[1] = ['d', 'e', 'f']
xs[2] = ('h', 'i', 'j')
==================f(x, y=1, z=2)==================
x = 10
y = 1
z = 2
==================f(x, y=1, z=2)==================
x = 10
y = 20
z = 2
==================f(x, y=1, z=2)==================
x = 10
y = 1
z = 20
==================f(x, y=1, z=2)==================
x = 10
y = 30
z = 20
==================f(x, y=1, z=2)==================
x = 20
y = 30
z = 10
===============f(x, y=1, z=2, **kw)===============
x = 10
y = 1
z = 2
kw = {}
===============f(x, y=1, z=2, **kw)===============
x = 10
y = 20
z = 2
kw = {}
===============f(x, y=1, z=2, **kw)===============
x = 10
y = 1
z = 2
kw = {'xyz': 678, 'abc': 456}
=========f(x, y=1, z=2, *args, **kwargs)==========
x= 10
y= 1
z= 2
args= ()
kwargs= {}
=========f(x, y=1, z=2, *args, **kwargs)==========
x= 10
y= abc
z= 2
args= ()
kwargs= {}
=========f(x, y=1, z=2, *args, **kwargs)==========
x= 10
y= 1
z= 3
args= ()
kwargs= {}
=========f(x, y=1, z=2, *args, **kwargs)==========
x= 10
y= 20
z= 30
args= ()
kwargs= {}
=========f(x, y=1, z=2, *args, **kwargs)==========
x= 10
y= 20
z= 30
args= (40, 50, 60)
kwargs= {}
=========f(x, y=1, z=2, *args, **kwargs)==========
x= 10
y= 20
z= 30
args= (40, 50, 60)
kwargs= {'a': 10, 'c': 30, 'b': 20}
=====================f(*args)=====================
1
2
3
4
5
6
>>> 
=== RESTART: /home/dutc/Dropbox/Cisco Training (2016-Apr-04)/starschool.py ===
x = 1
y = 2
x = (1, 2)
y = 10
x = (1, 2)
y = 10
-----------------------------------star-args------------------------------------
======================f(xs)=======================
xs[0] = 10
xs[1] = 20
xs[2] = 30
======================f(xs)=======================
xs[0] = 10
xs[1] = 20
xs[2] = 30
xs[3] = 40
xs[4] = 50
xs[5] = 60
======================f(*xs)======================
xs[0] = a
======================f(*xs)======================
xs[0] = a
xs[1] = b
xs[2] = c
======================f(*xs)======================
xs[0] = a
xs[1] = b
xs[2] = c
xs[3] = d
======================f(*xs)======================
xs[0] = ('a', 'b', 'c')
======================f(*xs)======================
xs[0] = ['a', 'b', 'c']
xs[1] = ['d', 'e', 'f']
xs[2] = ('h', 'i', 'j')
==================f(x, y=1, z=2)==================
x = 10
y = 1
z = 2
==================f(x, y=1, z=2)==================
x = 10
y = 20
z = 2
==================f(x, y=1, z=2)==================
x = 10
y = 1
z = 20
==================f(x, y=1, z=2)==================
x = 10
y = 30
z = 20
==================f(x, y=1, z=2)==================
x = 20
y = 30
z = 10
===============f(x, y=1, z=2, **kw)===============
x = 10
y = 1
z = 2
kw = {}
===============f(x, y=1, z=2, **kw)===============
x = 10
y = 20
z = 2
kw = {}
===============f(x, y=1, z=2, **kw)===============
x = 10
y = 1
z = 2
kw = {'xyz': 678, 'abc': 456}
=========f(x, y=1, z=2, *args, **kwargs)==========
x= 10
y= 1
z= 2
args= ()
kwargs= {}
=========f(x, y=1, z=2, *args, **kwargs)==========
x= 10
y= abc
z= 2
args= ()
kwargs= {}
=========f(x, y=1, z=2, *args, **kwargs)==========
x= 10
y= 1
z= 3
args= ()
kwargs= {}
=========f(x, y=1, z=2, *args, **kwargs)==========
x= 10
y= 20
z= 30
args= ()
kwargs= {}
=========f(x, y=1, z=2, *args, **kwargs)==========
x= 10
y= 20
z= 30
args= (40, 50, 60)
kwargs= {}
=========f(x, y=1, z=2, *args, **kwargs)==========
x= 10
y= 20
z= 30
args= (40, 50, 60)
kwargs= {'a': 10, 'c': 30, 'b': 20}
=====================f(*args)=====================
1
2
3
4
5
6
===============h(a, b, c, x, y, z)================
a= 1
b= 2
c= 3
x= 4
y= 5
z= 6
>>> 
=== RESTART: /home/dutc/Dropbox/Cisco Training (2016-Apr-04)/starschool.py ===
x = 1
y = 2
x = (1, 2)
y = 10
x = (1, 2)
y = 10
-----------------------------------star-args------------------------------------
======================f(xs)=======================
xs[0] = 10
xs[1] = 20
xs[2] = 30
======================f(xs)=======================
xs[0] = 10
xs[1] = 20
xs[2] = 30
xs[3] = 40
xs[4] = 50
xs[5] = 60
======================f(*xs)======================
xs[0] = a
======================f(*xs)======================
xs[0] = a
xs[1] = b
xs[2] = c
======================f(*xs)======================
xs[0] = a
xs[1] = b
xs[2] = c
xs[3] = d
======================f(*xs)======================
xs[0] = ('a', 'b', 'c')
======================f(*xs)======================
xs[0] = ['a', 'b', 'c']
xs[1] = ['d', 'e', 'f']
xs[2] = ('h', 'i', 'j')
==================f(x, y=1, z=2)==================
x = 10
y = 1
z = 2
==================f(x, y=1, z=2)==================
x = 10
y = 20
z = 2
==================f(x, y=1, z=2)==================
x = 10
y = 1
z = 20
==================f(x, y=1, z=2)==================
x = 10
y = 30
z = 20
==================f(x, y=1, z=2)==================
x = 20
y = 30
z = 10
===============f(x, y=1, z=2, **kw)===============
x = 10
y = 1
z = 2
kw = {}
===============f(x, y=1, z=2, **kw)===============
x = 10
y = 20
z = 2
kw = {}
===============f(x, y=1, z=2, **kw)===============
x = 10
y = 1
z = 2
kw = {'xyz': 678, 'abc': 456}
=========f(x, y=1, z=2, *args, **kwargs)==========
x= 10
y= 1
z= 2
args= ()
kwargs= {}
=========f(x, y=1, z=2, *args, **kwargs)==========
x= 10
y= abc
z= 2
args= ()
kwargs= {}
=========f(x, y=1, z=2, *args, **kwargs)==========
x= 10
y= 1
z= 3
args= ()
kwargs= {}
=========f(x, y=1, z=2, *args, **kwargs)==========
x= 10
y= 20
z= 30
args= ()
kwargs= {}
=========f(x, y=1, z=2, *args, **kwargs)==========
x= 10
y= 20
z= 30
args= (40, 50, 60)
kwargs= {}
=========f(x, y=1, z=2, *args, **kwargs)==========
x= 10
y= 20
z= 30
args= (40, 50, 60)
kwargs= {'a': 10, 'c': 30, 'b': 20}
=====================f(*args)=====================
1
2
3
4
5
6
===============h(a, b, c, x, y, z)================
a= 1
b= 2
c= 3
x= 4
y= 5
z= 6
a = 10
b = 20
c = 30
z = 40

Traceback (most recent call last):
  File "/home/dutc/Dropbox/Cisco Training (2016-Apr-04)/starschool.py", line 146, in <module>
    f(a=args['a'], b=args['b'], c=args['c'], d=args['d'])
KeyError: 'd'
>>> 
=== RESTART: /home/dutc/Dropbox/Cisco Training (2016-Apr-04)/starschool.py ===
x = 1
y = 2
x = (1, 2)
y = 10
x = (1, 2)
y = 10
-----------------------------------star-args------------------------------------
======================f(xs)=======================
xs[0] = 10
xs[1] = 20
xs[2] = 30
======================f(xs)=======================
xs[0] = 10
xs[1] = 20
xs[2] = 30
xs[3] = 40
xs[4] = 50
xs[5] = 60
======================f(*xs)======================
xs[0] = a
======================f(*xs)======================
xs[0] = a
xs[1] = b
xs[2] = c
======================f(*xs)======================
xs[0] = a
xs[1] = b
xs[2] = c
xs[3] = d
======================f(*xs)======================
xs[0] = ('a', 'b', 'c')
======================f(*xs)======================
xs[0] = ['a', 'b', 'c']
xs[1] = ['d', 'e', 'f']
xs[2] = ('h', 'i', 'j')
==================f(x, y=1, z=2)==================
x = 10
y = 1
z = 2
==================f(x, y=1, z=2)==================
x = 10
y = 20
z = 2
==================f(x, y=1, z=2)==================
x = 10
y = 1
z = 20
==================f(x, y=1, z=2)==================
x = 10
y = 30
z = 20
==================f(x, y=1, z=2)==================
x = 20
y = 30
z = 10
===============f(x, y=1, z=2, **kw)===============
x = 10
y = 1
z = 2
kw = {}
===============f(x, y=1, z=2, **kw)===============
x = 10
y = 20
z = 2
kw = {}
===============f(x, y=1, z=2, **kw)===============
x = 10
y = 1
z = 2
kw = {'xyz': 678, 'abc': 456}
=========f(x, y=1, z=2, *args, **kwargs)==========
x= 10
y= 1
z= 2
args= ()
kwargs= {}
=========f(x, y=1, z=2, *args, **kwargs)==========
x= 10
y= abc
z= 2
args= ()
kwargs= {}
=========f(x, y=1, z=2, *args, **kwargs)==========
x= 10
y= 1
z= 3
args= ()
kwargs= {}
=========f(x, y=1, z=2, *args, **kwargs)==========
x= 10
y= 20
z= 30
args= ()
kwargs= {}
=========f(x, y=1, z=2, *args, **kwargs)==========
x= 10
y= 20
z= 30
args= (40, 50, 60)
kwargs= {}
=========f(x, y=1, z=2, *args, **kwargs)==========
x= 10
y= 20
z= 30
args= (40, 50, 60)
kwargs= {'a': 10, 'c': 30, 'b': 20}
=====================f(*args)=====================
1
2
3
4
5
6
===============h(a, b, c, x, y, z)================
a= 1
b= 2
c= 3
x= 4
y= 5
z= 6
==================f(a, b, c, z)===================
a = 10
b = 20
c = 30
z = 40
==================f(a, b, c, z)===================
a = 10
b = 20
c = 30
z = 40
>>> 
=== RESTART: /home/dutc/Dropbox/Cisco Training (2016-Apr-04)/starschool.py ===
x = 1
y = 2
x = (1, 2)
y = 10
x = (1, 2)
y = 10
-----------------------------------star-args------------------------------------
======================f(xs)=======================
xs[0] = 10
xs[1] = 20
xs[2] = 30
======================f(xs)=======================
xs[0] = 10
xs[1] = 20
xs[2] = 30
xs[3] = 40
xs[4] = 50
xs[5] = 60
======================f(*xs)======================
xs[0] = a
======================f(*xs)======================
xs[0] = a
xs[1] = b
xs[2] = c
======================f(*xs)======================
xs[0] = a
xs[1] = b
xs[2] = c
xs[3] = d
======================f(*xs)======================
xs[0] = ('a', 'b', 'c')
======================f(*xs)======================
xs[0] = ['a', 'b', 'c']
xs[1] = ['d', 'e', 'f']
xs[2] = ('h', 'i', 'j')
==================f(x, y=1, z=2)==================
x = 10
y = 1
z = 2
==================f(x, y=1, z=2)==================
x = 10
y = 20
z = 2
==================f(x, y=1, z=2)==================
x = 10
y = 1
z = 20
==================f(x, y=1, z=2)==================
x = 10
y = 30
z = 20
==================f(x, y=1, z=2)==================
x = 20
y = 30
z = 10
===============f(x, y=1, z=2, **kw)===============
x = 10
y = 1
z = 2
kw = {}
===============f(x, y=1, z=2, **kw)===============
x = 10
y = 20
z = 2
kw = {}
===============f(x, y=1, z=2, **kw)===============
x = 10
y = 1
z = 2
kw = {'xyz': 678, 'abc': 456}
=========f(x, y=1, z=2, *args, **kwargs)==========
x= 10
y= 1
z= 2
args= ()
kwargs= {}
=========f(x, y=1, z=2, *args, **kwargs)==========
x= 10
y= abc
z= 2
args= ()
kwargs= {}
=========f(x, y=1, z=2, *args, **kwargs)==========
x= 10
y= 1
z= 3
args= ()
kwargs= {}
=========f(x, y=1, z=2, *args, **kwargs)==========
x= 10
y= 20
z= 30
args= ()
kwargs= {}
=========f(x, y=1, z=2, *args, **kwargs)==========
x= 10
y= 20
z= 30
args= (40, 50, 60)
kwargs= {}
=========f(x, y=1, z=2, *args, **kwargs)==========
x= 10
y= 20
z= 30
args= (40, 50, 60)
kwargs= {'a': 10, 'c': 30, 'b': 20}
=====================f(*args)=====================
1
2
3
4
5
6
===============h(a, b, c, x, y, z)================
a= 1
b= 2
c= 3
x= 4
y= 5
z= 6
==================f(a, b, c, z)===================
a = 10
b = 20
c = 30
z = 40
==================f(a, b, c, z)===================
a = 10
b = 20
c = 30
z = 40

Traceback (most recent call last):
  File "/home/dutc/Dropbox/Cisco Training (2016-Apr-04)/starschool.py", line 162, in <module>
    f(1)
TypeError: f() takes at least 2 arguments (1 given)
>>> 
=== RESTART: /home/dutc/Dropbox/Cisco Training (2016-Apr-04)/starschool.py ===
x = 1
y = 2
x = (1, 2)
y = 10
x = (1, 2)
y = 10
-----------------------------------star-args------------------------------------
======================f(xs)=======================
xs[0] = 10
xs[1] = 20
xs[2] = 30
======================f(xs)=======================
xs[0] = 10
xs[1] = 20
xs[2] = 30
xs[3] = 40
xs[4] = 50
xs[5] = 60
======================f(*xs)======================
xs[0] = a
======================f(*xs)======================
xs[0] = a
xs[1] = b
xs[2] = c
======================f(*xs)======================
xs[0] = a
xs[1] = b
xs[2] = c
xs[3] = d
======================f(*xs)======================
xs[0] = ('a', 'b', 'c')
======================f(*xs)======================
xs[0] = ['a', 'b', 'c']
xs[1] = ['d', 'e', 'f']
xs[2] = ('h', 'i', 'j')
==================f(x, y=1, z=2)==================
x = 10
y = 1
z = 2
==================f(x, y=1, z=2)==================
x = 10
y = 20
z = 2
==================f(x, y=1, z=2)==================
x = 10
y = 1
z = 20
==================f(x, y=1, z=2)==================
x = 10
y = 30
z = 20
==================f(x, y=1, z=2)==================
x = 20
y = 30
z = 10
===============f(x, y=1, z=2, **kw)===============
x = 10
y = 1
z = 2
kw = {}
===============f(x, y=1, z=2, **kw)===============
x = 10
y = 20
z = 2
kw = {}
===============f(x, y=1, z=2, **kw)===============
x = 10
y = 1
z = 2
kw = {'xyz': 678, 'abc': 456}
=========f(x, y=1, z=2, *args, **kwargs)==========
x= 10
y= 1
z= 2
args= ()
kwargs= {}
=========f(x, y=1, z=2, *args, **kwargs)==========
x= 10
y= abc
z= 2
args= ()
kwargs= {}
=========f(x, y=1, z=2, *args, **kwargs)==========
x= 10
y= 1
z= 3
args= ()
kwargs= {}
=========f(x, y=1, z=2, *args, **kwargs)==========
x= 10
y= 20
z= 30
args= ()
kwargs= {}
=========f(x, y=1, z=2, *args, **kwargs)==========
x= 10
y= 20
z= 30
args= (40, 50, 60)
kwargs= {}
=========f(x, y=1, z=2, *args, **kwargs)==========
x= 10
y= 20
z= 30
args= (40, 50, 60)
kwargs= {'a': 10, 'c': 30, 'b': 20}
=====================f(*args)=====================
1
2
3
4
5
6
===============h(a, b, c, x, y, z)================
a= 1
b= 2
c= 3
x= 4
y= 5
z= 6
==================f(a, b, c, z)===================
a = 10
b = 20
c = 30
z = 40
==================f(a, b, c, z)===================
a = 10
b = 20
c = 30
z = 40
=========f(a, b, c=None, *args, **kwargs)=========
a = 1
b = 2
c = None
args = ()
kwargs = {}
=========f(a, b, c=None, *args, **kwargs)=========
a = 1
b = xyz
c = abc
args = ()
kwargs = {}
>>> 
=== RESTART: /home/dutc/Dropbox/Cisco Training (2016-Apr-04)/starschool.py ===
x = 1
y = 2
x = (1, 2)
y = 10
x = (1, 2)
y = 10
-----------------------------------star-args------------------------------------
======================f(xs)=======================
xs[0] = 10
xs[1] = 20
xs[2] = 30
======================f(xs)=======================
xs[0] = 10
xs[1] = 20
xs[2] = 30
xs[3] = 40
xs[4] = 50
xs[5] = 60
======================f(*xs)======================
xs[0] = a
======================f(*xs)======================
xs[0] = a
xs[1] = b
xs[2] = c
======================f(*xs)======================
xs[0] = a
xs[1] = b
xs[2] = c
xs[3] = d
======================f(*xs)======================
xs[0] = ('a', 'b', 'c')
======================f(*xs)======================
xs[0] = ['a', 'b', 'c']
xs[1] = ['d', 'e', 'f']
xs[2] = ('h', 'i', 'j')
==================f(x, y=1, z=2)==================
x = 10
y = 1
z = 2
==================f(x, y=1, z=2)==================
x = 10
y = 20
z = 2
==================f(x, y=1, z=2)==================
x = 10
y = 1
z = 20
==================f(x, y=1, z=2)==================
x = 10
y = 30
z = 20
==================f(x, y=1, z=2)==================
x = 20
y = 30
z = 10
===============f(x, y=1, z=2, **kw)===============
x = 10
y = 1
z = 2
kw = {}
===============f(x, y=1, z=2, **kw)===============
x = 10
y = 20
z = 2
kw = {}
===============f(x, y=1, z=2, **kw)===============
x = 10
y = 1
z = 2
kw = {'xyz': 678, 'abc': 456}
=========f(x, y=1, z=2, *args, **kwargs)==========
x= 10
y= 1
z= 2
args= ()
kwargs= {}
=========f(x, y=1, z=2, *args, **kwargs)==========
x= 10
y= abc
z= 2
args= ()
kwargs= {}
=========f(x, y=1, z=2, *args, **kwargs)==========
x= 10
y= 1
z= 3
args= ()
kwargs= {}
=========f(x, y=1, z=2, *args, **kwargs)==========
x= 10
y= 20
z= 30
args= ()
kwargs= {}
=========f(x, y=1, z=2, *args, **kwargs)==========
x= 10
y= 20
z= 30
args= (40, 50, 60)
kwargs= {}
=========f(x, y=1, z=2, *args, **kwargs)==========
x= 10
y= 20
z= 30
args= (40, 50, 60)
kwargs= {'a': 10, 'c': 30, 'b': 20}
=====================f(*args)=====================
1
2
3
4
5
6
===============h(a, b, c, x, y, z)================
a= 1
b= 2
c= 3
x= 4
y= 5
z= 6
==================f(a, b, c, z)===================
a = 10
b = 20
c = 30
z = 40
==================f(a, b, c, z)===================
a = 10
b = 20
c = 30
z = 40
=========f(a, b, c=None, *args, **kwargs)=========
a = 1
b = 2
c = None
args = ()
kwargs = {}
=========f(a, b, c=None, *args, **kwargs)=========
a = 1
b = xyz
c = abc
args = ()
kwargs = {}
=========f(a, b, c=None, *args, **kwargs)=========
a = 1
b = 2
c = 3
args = ()
kwargs = {}
>>> 
=== RESTART: /home/dutc/Dropbox/Cisco Training (2016-Apr-04)/starschool.py ===
x = 1
y = 2
x = (1, 2)
y = 10
x = (1, 2)
y = 10
-----------------------------------star-args------------------------------------
======================f(xs)=======================
xs[0] = 10
xs[1] = 20
xs[2] = 30
======================f(xs)=======================
xs[0] = 10
xs[1] = 20
xs[2] = 30
xs[3] = 40
xs[4] = 50
xs[5] = 60
======================f(*xs)======================
xs[0] = a
======================f(*xs)======================
xs[0] = a
xs[1] = b
xs[2] = c
======================f(*xs)======================
xs[0] = a
xs[1] = b
xs[2] = c
xs[3] = d
======================f(*xs)======================
xs[0] = ('a', 'b', 'c')
======================f(*xs)======================
xs[0] = ['a', 'b', 'c']
xs[1] = ['d', 'e', 'f']
xs[2] = ('h', 'i', 'j')
==================f(x, y=1, z=2)==================
x = 10
y = 1
z = 2
==================f(x, y=1, z=2)==================
x = 10
y = 20
z = 2
==================f(x, y=1, z=2)==================
x = 10
y = 1
z = 20
==================f(x, y=1, z=2)==================
x = 10
y = 30
z = 20
==================f(x, y=1, z=2)==================
x = 20
y = 30
z = 10
===============f(x, y=1, z=2, **kw)===============
x = 10
y = 1
z = 2
kw = {}
===============f(x, y=1, z=2, **kw)===============
x = 10
y = 20
z = 2
kw = {}
===============f(x, y=1, z=2, **kw)===============
x = 10
y = 1
z = 2
kw = {'xyz': 678, 'abc': 456}
=========f(x, y=1, z=2, *args, **kwargs)==========
x= 10
y= 1
z= 2
args= ()
kwargs= {}
=========f(x, y=1, z=2, *args, **kwargs)==========
x= 10
y= abc
z= 2
args= ()
kwargs= {}
=========f(x, y=1, z=2, *args, **kwargs)==========
x= 10
y= 1
z= 3
args= ()
kwargs= {}
=========f(x, y=1, z=2, *args, **kwargs)==========
x= 10
y= 20
z= 30
args= ()
kwargs= {}
=========f(x, y=1, z=2, *args, **kwargs)==========
x= 10
y= 20
z= 30
args= (40, 50, 60)
kwargs= {}
=========f(x, y=1, z=2, *args, **kwargs)==========
x= 10
y= 20
z= 30
args= (40, 50, 60)
kwargs= {'a': 10, 'c': 30, 'b': 20}
=====================f(*args)=====================
1
2
3
4
5
6
===============h(a, b, c, x, y, z)================
a= 1
b= 2
c= 3
x= 4
y= 5
z= 6
==================f(a, b, c, z)===================
a = 10
b = 20
c = 30
z = 40
==================f(a, b, c, z)===================
a = 10
b = 20
c = 30
z = 40
=========f(a, b, c=None, *args, **kwargs)=========
a = 1
b = 2
c = None
args = ()
kwargs = {}
=========f(a, b, c=None, *args, **kwargs)=========
a = 1
b = xyz
c = abc
args = ()
kwargs = {}
=========f(a, b, c=None, *args, **kwargs)=========
a = 1
b = 2
c = 3
args = ()
kwargs = {}
=========f(a, b, c=None, *args, **kwargs)=========
a = 1
b = 2
c = 3
args = (4, 5, 6, 7, 8)
kwargs = {}
>>> 
=== RESTART: /home/dutc/Dropbox/Cisco Training (2016-Apr-04)/starschool.py ===
x = 1
y = 2
x = (1, 2)
y = 10
x = (1, 2)
y = 10
-----------------------------------star-args------------------------------------
======================f(xs)=======================
xs[0] = 10
xs[1] = 20
xs[2] = 30
======================f(xs)=======================
xs[0] = 10
xs[1] = 20
xs[2] = 30
xs[3] = 40
xs[4] = 50
xs[5] = 60
======================f(*xs)======================
xs[0] = a
======================f(*xs)======================
xs[0] = a
xs[1] = b
xs[2] = c
======================f(*xs)======================
xs[0] = a
xs[1] = b
xs[2] = c
xs[3] = d
======================f(*xs)======================
xs[0] = ('a', 'b', 'c')
======================f(*xs)======================
xs[0] = ['a', 'b', 'c']
xs[1] = ['d', 'e', 'f']
xs[2] = ('h', 'i', 'j')
==================f(x, y=1, z=2)==================
x = 10
y = 1
z = 2
==================f(x, y=1, z=2)==================
x = 10
y = 20
z = 2
==================f(x, y=1, z=2)==================
x = 10
y = 1
z = 20
==================f(x, y=1, z=2)==================
x = 10
y = 30
z = 20
==================f(x, y=1, z=2)==================
x = 20
y = 30
z = 10
===============f(x, y=1, z=2, **kw)===============
x = 10
y = 1
z = 2
kw = {}
===============f(x, y=1, z=2, **kw)===============
x = 10
y = 20
z = 2
kw = {}
===============f(x, y=1, z=2, **kw)===============
x = 10
y = 1
z = 2
kw = {'xyz': 678, 'abc': 456}
=========f(x, y=1, z=2, *args, **kwargs)==========
x= 10
y= 1
z= 2
args= ()
kwargs= {}
=========f(x, y=1, z=2, *args, **kwargs)==========
x= 10
y= abc
z= 2
args= ()
kwargs= {}
=========f(x, y=1, z=2, *args, **kwargs)==========
x= 10
y= 1
z= 3
args= ()
kwargs= {}
=========f(x, y=1, z=2, *args, **kwargs)==========
x= 10
y= 20
z= 30
args= ()
kwargs= {}
=========f(x, y=1, z=2, *args, **kwargs)==========
x= 10
y= 20
z= 30
args= (40, 50, 60)
kwargs= {}
=========f(x, y=1, z=2, *args, **kwargs)==========
x= 10
y= 20
z= 30
args= (40, 50, 60)
kwargs= {'a': 10, 'c': 30, 'b': 20}
=====================f(*args)=====================
1
2
3
4
5
6
===============h(a, b, c, x, y, z)================
a= 1
b= 2
c= 3
x= 4
y= 5
z= 6
==================f(a, b, c, z)===================
a = 10
b = 20
c = 30
z = 40
==================f(a, b, c, z)===================
a = 10
b = 20
c = 30
z = 40
=========f(a, b, c=None, *args, **kwargs)=========
a = 1
b = 2
c = None
args = ()
kwargs = {}
=========f(a, b, c=None, *args, **kwargs)=========
a = 1
b = xyz
c = abc
args = ()
kwargs = {}
=========f(a, b, c=None, *args, **kwargs)=========
a = 1
b = 2
c = 3
args = ()
kwargs = {}
=========f(a, b, c=None, *args, **kwargs)=========
a = 1
b = 2
c = 3
args = (4, 5, 6, 7, 8)
kwargs = {}
=========f(a, b, c=None, *args, **kwargs)=========
a = 10
b = 30
c = None
args = ()
kwargs = {'z': 50, 'w': 70}
>>> 
=== RESTART: /home/dutc/Dropbox/Cisco Training (2016-Apr-04)/automation.py ===
>>> 
=== RESTART: /home/dutc/Dropbox/Cisco Training (2016-Apr-04)/automation.py ===
{}
>>> 
=== RESTART: /home/dutc/Dropbox/Cisco Training (2016-Apr-04)/automation.py ===
{"example": 123}
>>> 
=== RESTART: /home/dutc/Dropbox/Cisco Training (2016-Apr-04)/automation.py ===
{"example2": true, "example": 123}
>>> 
=== RESTART: /home/dutc/Dropbox/Cisco Training (2016-Apr-04)/automation.py ===
{"example2": true, "example": 123}
>>> 
=== RESTART: /home/dutc/Dropbox/Cisco Training (2016-Apr-04)/automation.py ===
{"example2": true, "example": 123}
>>> 
=== RESTART: /home/dutc/Dropbox/Cisco Training (2016-Apr-04)/automation.py ===

Traceback (most recent call last):
  File "/home/dutc/Dropbox/Cisco Training (2016-Apr-04)/automation.py", line 13, in <module>
    print datetime.now()
AttributeError: 'module' object has no attribute 'now'
>>> 
=== RESTART: /home/dutc/Dropbox/Cisco Training (2016-Apr-04)/automation.py ===
2016-04-06 16:55:22.052281
{"example2": true, "example": 123}
>>> 
=== RESTART: /home/dutc/Dropbox/Cisco Training (2016-Apr-04)/automation.py ===
1459976133
{"example2": true, "example": 123}
>>> 
=== RESTART: /home/dutc/Dropbox/Cisco Training (2016-Apr-04)/automation.py ===
1459976173
Kernel Interface table
Iface   MTU Met   RX-OK RX-ERR RX-DRP RX-OVR    TX-OK TX-ERR TX-DRP TX-OVR Flg
enp0s25    1500 0         0      0      0 0             0      0      0      0 BMU
enx7214a6404a89  1500 0         0      0      0 0             0      0      0      0 BMU
lo        65536 0    236379      0      0 0        236379      0      0      0 LRU
wlp4s0     1500 0   5744532      0      0 0       4314931      0      0      0 BMRU

{"example2": true, "example": 123}
>>> 
=== RESTART: /home/dutc/Dropbox/Cisco Training (2016-Apr-04)/automation.py ===
1459976212
Kernel Interface table
Iface   MTU Met   RX-OK RX-ERR RX-DRP RX-OVR    TX-OK TX-ERR TX-DRP TX-OVR Flg
enp0s25    1500 0         0      0      0 0             0      0      0      0 BMU
enx7214a6404a89  1500 0         0      0      0 0             0      0      0      0 BMU
lo        65536 0    236416      0      0 0        236416      0      0      0 LRU
wlp4s0     1500 0   5744575      0      0 0       4314969      0      0      0 BMRU

{"example2": true, "example": 123}
>>> 
=== RESTART: /home/dutc/Dropbox/Cisco Training (2016-Apr-04)/automation.py ===
>>> 
=== RESTART: /home/dutc/Dropbox/Cisco Training (2016-Apr-04)/automation.py ===
Kernel Interface table
Iface   MTU Met   RX-OK RX-ERR RX-DRP RX-OVR    TX-OK TX-ERR TX-DRP TX-OVR Flg
enp0s25    1500 0         0      0      0 0             0      0      0      0 BMU
enx7214a6404a89  1500 0         0      0      0 0             0      0      0      0 BMU
lo        65536 0    236495      0      0 0        236495      0      0      0 LRU
wlp4s0     1500 0   5767487      0      0 0       4326683      0      0      0 BMRU

>>> 
=== RESTART: /home/dutc/Dropbox/Cisco Training (2016-Apr-04)/automation.py ===
>>> type(output)Interface table
Iface   MTU Met   RX-OK RX-ERR RX-DRP RX-OVR    TX-OK TX-ERR TX-DRP TX-OVR Flg
enp0s25    1500 0         0      0      0 0             0      0      0      0 BMU
enx7214a6404a89  1500 0         0      0      0 0             0      0      0      0 BMU
lo        65536 0    236495      0      0 0        236495      0      0      0 LRU
wlp4s0     1500 0   5767487      0      0 0       4326683      0      0      0 BMRU
SyntaxError: invalid syntax
>>> 
>>> 
>>> type(output)
<type 'str'>
>>> 
>>> 
>>> output.splitlines()
['Kernel Interface table', 'Iface   MTU Met   RX-OK RX-ERR RX-DRP RX-OVR    TX-OK TX-ERR TX-DRP TX-OVR Flg', 'enp0s25    1500 0         0      0      0 0             0      0      0      0 BMU', 'enx7214a6404a89  1500 0         0      0      0 0             0      0      0      0 BMU', 'lo        65536 0    236526      0      0 0        236526      0      0      0 LRU', 'wlp4s0     1500 0   5767555      0      0 0       4326752      0      0      0 BMRU']
>>> 
=== RESTART: /home/dutc/Dropbox/Cisco Training (2016-Apr-04)/automation.py ===
Kernel Interface table
Iface   MTU Met   RX-OK RX-ERR RX-DRP RX-OVR    TX-OK TX-ERR TX-DRP TX-OVR Flg
enp0s25    1500 0         0      0      0 0             0      0      0      0 BMU
enx7214a6404a89  1500 0         0      0      0 0             0      0      0      0 BMU
lo        65536 0    236594      0      0 0        236594      0      0      0 LRU
wlp4s0     1500 0   5767609      0      0 0       4326799      0      0      0 BMRU
>>> 
=== RESTART: /home/dutc/Dropbox/Cisco Training (2016-Apr-04)/automation.py ===

Traceback (most recent call last):
  File "/home/dutc/Dropbox/Cisco Training (2016-Apr-04)/automation.py", line 12, in <module>
    if line.startsiwth('wlp4s0'):
AttributeError: 'str' object has no attribute 'startsiwth'
>>> 
=== RESTART: /home/dutc/Dropbox/Cisco Training (2016-Apr-04)/automation.py ===
wlp4s0     1500 0   5767703      0      0 0       4326883      0      0      0 BMRU
>>> 
=== RESTART: /home/dutc/Dropbox/Cisco Training (2016-Apr-04)/automation.py ===
['wlp4s0', '1500', '0', '5767752', '0', '0', '0', '4326923', '0', '0', '0', 'BMRU']
>>> 
=== RESTART: /home/dutc/Dropbox/Cisco Training (2016-Apr-04)/automation.py ===

Traceback (most recent call last):
  File "/home/dutc/Dropbox/Cisco Training (2016-Apr-04)/automation.py", line 14, in <module>
    iface, mtu, rx_ok, _, _, _, tx_ok, _, _, _, _ = fields
ValueError: too many values to unpack
>>> 
=== RESTART: /home/dutc/Dropbox/Cisco Training (2016-Apr-04)/automation.py ===
>>> 
=== RESTART: /home/dutc/Dropbox/Cisco Training (2016-Apr-04)/automation.py ===
wlp4s0 5767920 4327086
>>> 
=== RESTART: /home/dutc/Dropbox/Cisco Training (2016-Apr-04)/automation.py ===
wlp4s0 5767966 4327127
>>> 
=== RESTART: /home/dutc/Dropbox/Cisco Training (2016-Apr-04)/automation.py ===
{'iface': 'wlp4s0', 'rx': '5768014', 'tx': '4327171'}
>>> 
=== RESTART: /home/dutc/Dropbox/Cisco Training (2016-Apr-04)/automation.py ===
{'iface': 'wlp4s0', 'rx': '5768060', 'tx': '4327212'}
>>> 
=== RESTART: /home/dutc/Dropbox/Cisco Training (2016-Apr-04)/automation.py ===
{'timestamp': '2016-04-06 17:22:58.132035', 'iface': 'wlp4s0', 'rx': '5768105', 'tx': '4327256'}
>>> 
=== RESTART: /home/dutc/Dropbox/Cisco Training (2016-Apr-04)/automation.py ===
{'iface': 'wlp4s0', 'rx': '5768279', 'tx': '4327511'}
>>> 
=== RESTART: /home/dutc/Dropbox/Cisco Training (2016-Apr-04)/automation.py ===
{'2016-04-06 17:23:31.679608': {'iface': 'wlp4s0', 'rx': '5768323', 'tx': '4327553'}}
>>> 
=== RESTART: /home/dutc/Dropbox/Cisco Training (2016-Apr-04)/automation.py ===
{'2016-04-06 17:23:51.311080': {'iface': 'wlp4s0', 'rx': '5768366', 'tx': '4327595'}, '2016-04-06 17:23:51.328494': {'iface': 'wlp4s0', 'rx': '5768367', 'tx': '4327596'}, '2016-04-06 17:23:51.339309': {'iface': 'wlp4s0', 'rx': '5768367', 'tx': '4327596'}, '2016-04-06 17:23:51.344533': {'iface': 'wlp4s0', 'rx': '5768367', 'tx': '4327596'}, '2016-04-06 17:23:51.323886': {'iface': 'wlp4s0', 'rx': '5768366', 'tx': '4327595'}, '2016-04-06 17:23:51.306385': {'iface': 'wlp4s0', 'rx': '5768366', 'tx': '4327595'}, '2016-04-06 17:23:51.301687': {'iface': 'wlp4s0', 'rx': '5768366', 'tx': '4327595'}, '2016-04-06 17:23:51.333243': {'iface': 'wlp4s0', 'rx': '5768367', 'tx': '4327596'}, '2016-04-06 17:23:51.316005': {'iface': 'wlp4s0', 'rx': '5768366', 'tx': '4327595'}, '2016-04-06 17:23:51.349222': {'iface': 'wlp4s0', 'rx': '5768367', 'tx': '4327596'}}
>>> 
=== RESTART: /home/dutc/Dropbox/Cisco Training (2016-Apr-04)/automation.py ===
{'2016-04-06 17:24:10.639819': {'iface': 'wlp4s0', 'rx': '5768427', 'tx': '4327645'}, '2016-04-06 17:24:10.850410': {'iface': 'wlp4s0', 'rx': '5768435', 'tx': '4327655'}, '2016-04-06 17:24:10.219644': {'iface': 'wlp4s0', 'rx': '5768416', 'tx': '4327637'}, '2016-04-06 17:24:10.430072': {'iface': 'wlp4s0', 'rx': '5768420', 'tx': '4327641'}, '2016-04-06 17:24:10.745056': {'iface': 'wlp4s0', 'rx': '5768427', 'tx': '4327648'}, '2016-04-06 17:24:10.534908': {'iface': 'wlp4s0', 'rx': '5768420', 'tx': '4327641'}, '2016-04-06 17:24:10.007439': {'iface': 'wlp4s0', 'rx': '5768414', 'tx': '4327635'}, '2016-04-06 17:24:10.113633': {'iface': 'wlp4s0', 'rx': '5768414', 'tx': '4327635'}, '2016-04-06 17:24:10.324715': {'iface': 'wlp4s0', 'rx': '5768416', 'tx': '4327637'}, '2016-04-06 17:24:09.900730': {'iface': 'wlp4s0', 'rx': '5768413', 'tx': '4327634'}}
>>> 
=== RESTART: /home/dutc/Dropbox/Cisco Training (2016-Apr-04)/automation.py ===
{
 "2016-04-06 17:24:32.092616": {
  "iface": "wlp4s0", 
  "rx": "5768465", 
  "tx": "4327681"
 }, 
 "2016-04-06 17:24:32.199468": {
  "iface": "wlp4s0", 
  "rx": "5768465", 
  "tx": "4327681"
 }, 
 "2016-04-06 17:24:32.412098": {
  "iface": "wlp4s0", 
  "rx": "5768469", 
  "tx": "4327685"
 }, 
 "2016-04-06 17:24:32.728414": {
  "iface": "wlp4s0", 
  "rx": "5768484", 
  "tx": "4327698"
 }, 
 "2016-04-06 17:24:32.306214": {
  "iface": "wlp4s0", 
  "rx": "5768466", 
  "tx": "4327682"
 }, 
 "2016-04-06 17:24:32.622084": {
  "iface": "wlp4s0", 
  "rx": "5768476", 
  "tx": "4327690"
 }, 
 "2016-04-06 17:24:32.517077": {
  "iface": "wlp4s0", 
  "rx": "5768476", 
  "tx": "4327690"
 }, 
 "2016-04-06 17:24:31.774411": {
  "iface": "wlp4s0", 
  "rx": "5768462", 
  "tx": "4327678"
 }, 
 "2016-04-06 17:24:31.986619": {
  "iface": "wlp4s0", 
  "rx": "5768463", 
  "tx": "4327679"
 }, 
 "2016-04-06 17:24:31.879873": {
  "iface": "wlp4s0", 
  "rx": "5768463", 
  "tx": "4327679"
 }
}
>>> 
=== RESTART: /home/dutc/Dropbox/Cisco Training (2016-Apr-04)/automation.py ===
{
 "2016-04-06 17:26:20.269534": {
  "iface": "wlp4s0", 
  "rx": "5768573", 
  "tx": "4327789"
 }, 
 "2016-04-06 17:26:19.638808": {
  "iface": "wlp4s0", 
  "rx": "5768568", 
  "tx": "4327783"
 }, 
 "2016-04-06 17:26:20.374538": {
  "iface": "wlp4s0", 
  "rx": "5768576", 
  "tx": "4327790"
 }, 
 "2016-04-06 17:26:19.427730": {
  "iface": "wlp4s0", 
  "rx": "5768568", 
  "tx": "4327783"
 }, 
 "2016-04-06 17:26:19.954180": {
  "iface": "wlp4s0", 
  "rx": "5768571", 
  "tx": "4327786"
 }, 
 "2016-04-06 17:26:19.743994": {
  "iface": "wlp4s0", 
  "rx": "5768568", 
  "tx": "4327783"
 }, 
 "2016-04-06 17:26:20.164320": {
  "iface": "wlp4s0", 
  "rx": "5768573", 
  "tx": "4327788"
 }, 
 "2016-04-06 17:26:19.848981": {
  "iface": "wlp4s0", 
  "rx": "5768571", 
  "tx": "4327786"
 }, 
 "2016-04-06 17:26:20.059317": {
  "iface": "wlp4s0", 
  "rx": "5768571", 
  "tx": "4327786"
 }, 
 "2016-04-06 17:26:19.533103": {
  "iface": "wlp4s0", 
  "rx": "5768568", 
  "tx": "4327783"
 }
}
>>> fields
['wlp4s0', '1500', '0', '5768576', '0', '0', '0', '4327790', '0', '0', '0', 'BMRU']
>>> fields[3]
'5768576'
>>> fields[6]
'0'
>>> measurements
{'2016-04-06 17:26:20.269534': {'iface': 'wlp4s0', 'rx': '5768573', 'tx': '4327789'}, '2016-04-06 17:26:19.638808': {'iface': 'wlp4s0', 'rx': '5768568', 'tx': '4327783'}, '2016-04-06 17:26:20.374538': {'iface': 'wlp4s0', 'rx': '5768576', 'tx': '4327790'}, '2016-04-06 17:26:19.427730': {'iface': 'wlp4s0', 'rx': '5768568', 'tx': '4327783'}, '2016-04-06 17:26:19.954180': {'iface': 'wlp4s0', 'rx': '5768571', 'tx': '4327786'}, '2016-04-06 17:26:19.743994': {'iface': 'wlp4s0', 'rx': '5768568', 'tx': '4327783'}, '2016-04-06 17:26:20.164320': {'iface': 'wlp4s0', 'rx': '5768573', 'tx': '4327788'}, '2016-04-06 17:26:19.848981': {'iface': 'wlp4s0', 'rx': '5768571', 'tx': '4327786'}, '2016-04-06 17:26:20.059317': {'iface': 'wlp4s0', 'rx': '5768571', 'tx': '4327786'}, '2016-04-06 17:26:19.533103': {'iface': 'wlp4s0', 'rx': '5768568', 'tx': '4327783'}}
>>> json.dumps(measurements)
'{"2016-04-06 17:26:20.269534": {"iface": "wlp4s0", "rx": "5768573", "tx": "4327789"}, "2016-04-06 17:26:19.638808": {"iface": "wlp4s0", "rx": "5768568", "tx": "4327783"}, "2016-04-06 17:26:20.374538": {"iface": "wlp4s0", "rx": "5768576", "tx": "4327790"}, "2016-04-06 17:26:19.427730": {"iface": "wlp4s0", "rx": "5768568", "tx": "4327783"}, "2016-04-06 17:26:19.954180": {"iface": "wlp4s0", "rx": "5768571", "tx": "4327786"}, "2016-04-06 17:26:19.743994": {"iface": "wlp4s0", "rx": "5768568", "tx": "4327783"}, "2016-04-06 17:26:20.164320": {"iface": "wlp4s0", "rx": "5768573", "tx": "4327788"}, "2016-04-06 17:26:19.848981": {"iface": "wlp4s0", "rx": "5768571", "tx": "4327786"}, "2016-04-06 17:26:20.059317": {"iface": "wlp4s0", "rx": "5768571", "tx": "4327786"}, "2016-04-06 17:26:19.533103": {"iface": "wlp4s0", "rx": "5768568", "tx": "4327783"}}'
>>> json.dumps(measurements, indent=2)
'{\n  "2016-04-06 17:26:20.269534": {\n    "iface": "wlp4s0", \n    "rx": "5768573", \n    "tx": "4327789"\n  }, \n  "2016-04-06 17:26:19.638808": {\n    "iface": "wlp4s0", \n    "rx": "5768568", \n    "tx": "4327783"\n  }, \n  "2016-04-06 17:26:20.374538": {\n    "iface": "wlp4s0", \n    "rx": "5768576", \n    "tx": "4327790"\n  }, \n  "2016-04-06 17:26:19.427730": {\n    "iface": "wlp4s0", \n    "rx": "5768568", \n    "tx": "4327783"\n  }, \n  "2016-04-06 17:26:19.954180": {\n    "iface": "wlp4s0", \n    "rx": "5768571", \n    "tx": "4327786"\n  }, \n  "2016-04-06 17:26:19.743994": {\n    "iface": "wlp4s0", \n    "rx": "5768568", \n    "tx": "4327783"\n  }, \n  "2016-04-06 17:26:20.164320": {\n    "iface": "wlp4s0", \n    "rx": "5768573", \n    "tx": "4327788"\n  }, \n  "2016-04-06 17:26:19.848981": {\n    "iface": "wlp4s0", \n    "rx": "5768571", \n    "tx": "4327786"\n  }, \n  "2016-04-06 17:26:20.059317": {\n    "iface": "wlp4s0", \n    "rx": "5768571", \n    "tx": "4327786"\n  }, \n  "2016-04-06 17:26:19.533103": {\n    "iface": "wlp4s0", \n    "rx": "5768568", \n    "tx": "4327783"\n  }\n}'
>>> print json.dumps(measurements, indent=2)
{
  "2016-04-06 17:26:20.269534": {
    "iface": "wlp4s0", 
    "rx": "5768573", 
    "tx": "4327789"
  }, 
  "2016-04-06 17:26:19.638808": {
    "iface": "wlp4s0", 
    "rx": "5768568", 
    "tx": "4327783"
  }, 
  "2016-04-06 17:26:20.374538": {
    "iface": "wlp4s0", 
    "rx": "5768576", 
    "tx": "4327790"
  }, 
  "2016-04-06 17:26:19.427730": {
    "iface": "wlp4s0", 
    "rx": "5768568", 
    "tx": "4327783"
  }, 
  "2016-04-06 17:26:19.954180": {
    "iface": "wlp4s0", 
    "rx": "5768571", 
    "tx": "4327786"
  }, 
  "2016-04-06 17:26:19.743994": {
    "iface": "wlp4s0", 
    "rx": "5768568", 
    "tx": "4327783"
  }, 
  "2016-04-06 17:26:20.164320": {
    "iface": "wlp4s0", 
    "rx": "5768573", 
    "tx": "4327788"
  }, 
  "2016-04-06 17:26:19.848981": {
    "iface": "wlp4s0", 
    "rx": "5768571", 
    "tx": "4327786"
  }, 
  "2016-04-06 17:26:20.059317": {
    "iface": "wlp4s0", 
    "rx": "5768571", 
    "tx": "4327786"
  }, 
  "2016-04-06 17:26:19.533103": {
    "iface": "wlp4s0", 
    "rx": "5768568", 
    "tx": "4327783"
  }
}
>>> print json.dumps(measurements)
{"2016-04-06 17:26:20.269534": {"iface": "wlp4s0", "rx": "5768573", "tx": "4327789"}, "2016-04-06 17:26:19.638808": {"iface": "wlp4s0", "rx": "5768568", "tx": "4327783"}, "2016-04-06 17:26:20.374538": {"iface": "wlp4s0", "rx": "5768576", "tx": "4327790"}, "2016-04-06 17:26:19.427730": {"iface": "wlp4s0", "rx": "5768568", "tx": "4327783"}, "2016-04-06 17:26:19.954180": {"iface": "wlp4s0", "rx": "5768571", "tx": "4327786"}, "2016-04-06 17:26:19.743994": {"iface": "wlp4s0", "rx": "5768568", "tx": "4327783"}, "2016-04-06 17:26:20.164320": {"iface": "wlp4s0", "rx": "5768573", "tx": "4327788"}, "2016-04-06 17:26:19.848981": {"iface": "wlp4s0", "rx": "5768571", "tx": "4327786"}, "2016-04-06 17:26:20.059317": {"iface": "wlp4s0", "rx": "5768571", "tx": "4327786"}, "2016-04-06 17:26:19.533103": {"iface": "wlp4s0", "rx": "5768568", "tx": "4327783"}}
>>> print json.dumps(measurements, indent=2)
{
  "2016-04-06 17:26:20.269534": {
    "iface": "wlp4s0", 
    "rx": "5768573", 
    "tx": "4327789"
  }, 
  "2016-04-06 17:26:19.638808": {
    "iface": "wlp4s0", 
    "rx": "5768568", 
    "tx": "4327783"
  }, 
  "2016-04-06 17:26:20.374538": {
    "iface": "wlp4s0", 
    "rx": "5768576", 
    "tx": "4327790"
  }, 
  "2016-04-06 17:26:19.427730": {
    "iface": "wlp4s0", 
    "rx": "5768568", 
    "tx": "4327783"
  }, 
  "2016-04-06 17:26:19.954180": {
    "iface": "wlp4s0", 
    "rx": "5768571", 
    "tx": "4327786"
  }, 
  "2016-04-06 17:26:19.743994": {
    "iface": "wlp4s0", 
    "rx": "5768568", 
    "tx": "4327783"
  }, 
  "2016-04-06 17:26:20.164320": {
    "iface": "wlp4s0", 
    "rx": "5768573", 
    "tx": "4327788"
  }, 
  "2016-04-06 17:26:19.848981": {
    "iface": "wlp4s0", 
    "rx": "5768571", 
    "tx": "4327786"
  }, 
  "2016-04-06 17:26:20.059317": {
    "iface": "wlp4s0", 
    "rx": "5768571", 
    "tx": "4327786"
  }, 
  "2016-04-06 17:26:19.533103": {
    "iface": "wlp4s0", 
    "rx": "5768568", 
    "tx": "4327783"
  }
}
>>> measurements['hostname'] = 'tournesol'
>>> measurements
{'2016-04-06 17:26:20.269534': {'iface': 'wlp4s0', 'rx': '5768573', 'tx': '4327789'}, 'hostname': 'tournesol', '2016-04-06 17:26:19.638808': {'iface': 'wlp4s0', 'rx': '5768568', 'tx': '4327783'}, '2016-04-06 17:26:20.374538': {'iface': 'wlp4s0', 'rx': '5768576', 'tx': '4327790'}, '2016-04-06 17:26:19.427730': {'iface': 'wlp4s0', 'rx': '5768568', 'tx': '4327783'}, '2016-04-06 17:26:19.954180': {'iface': 'wlp4s0', 'rx': '5768571', 'tx': '4327786'}, '2016-04-06 17:26:19.743994': {'iface': 'wlp4s0', 'rx': '5768568', 'tx': '4327783'}, '2016-04-06 17:26:20.164320': {'iface': 'wlp4s0', 'rx': '5768573', 'tx': '4327788'}, '2016-04-06 17:26:19.848981': {'iface': 'wlp4s0', 'rx': '5768571', 'tx': '4327786'}, '2016-04-06 17:26:20.059317': {'iface': 'wlp4s0', 'rx': '5768571', 'tx': '4327786'}, '2016-04-06 17:26:19.533103': {'iface': 'wlp4s0', 'rx': '5768568', 'tx': '4327783'}}
>>> print json.dumps(measurements, indent=2)
{
  "2016-04-06 17:26:20.269534": {
    "iface": "wlp4s0", 
    "rx": "5768573", 
    "tx": "4327789"
  }, 
  "hostname": "tournesol", 
  "2016-04-06 17:26:19.638808": {
    "iface": "wlp4s0", 
    "rx": "5768568", 
    "tx": "4327783"
  }, 
  "2016-04-06 17:26:20.374538": {
    "iface": "wlp4s0", 
    "rx": "5768576", 
    "tx": "4327790"
  }, 
  "2016-04-06 17:26:19.427730": {
    "iface": "wlp4s0", 
    "rx": "5768568", 
    "tx": "4327783"
  }, 
  "2016-04-06 17:26:19.954180": {
    "iface": "wlp4s0", 
    "rx": "5768571", 
    "tx": "4327786"
  }, 
  "2016-04-06 17:26:19.743994": {
    "iface": "wlp4s0", 
    "rx": "5768568", 
    "tx": "4327783"
  }, 
  "2016-04-06 17:26:20.164320": {
    "iface": "wlp4s0", 
    "rx": "5768573", 
    "tx": "4327788"
  }, 
  "2016-04-06 17:26:19.848981": {
    "iface": "wlp4s0", 
    "rx": "5768571", 
    "tx": "4327786"
  }, 
  "2016-04-06 17:26:20.059317": {
    "iface": "wlp4s0", 
    "rx": "5768571", 
    "tx": "4327786"
  }, 
  "2016-04-06 17:26:19.533103": {
    "iface": "wlp4s0", 
    "rx": "5768568", 
    "tx": "4327783"
  }
}
>>> json_output = {'measurements': measurements, 'hostname': 'tournseol', 'user': 'dutc'}
>>> json.dumps(json_output, indent=2)
'{\n  "measurements": {\n    "2016-04-06 17:26:20.269534": {\n      "iface": "wlp4s0", \n      "rx": "5768573", \n      "tx": "4327789"\n    }, \n    "hostname": "tournesol", \n    "2016-04-06 17:26:19.638808": {\n      "iface": "wlp4s0", \n      "rx": "5768568", \n      "tx": "4327783"\n    }, \n    "2016-04-06 17:26:20.374538": {\n      "iface": "wlp4s0", \n      "rx": "5768576", \n      "tx": "4327790"\n    }, \n    "2016-04-06 17:26:19.427730": {\n      "iface": "wlp4s0", \n      "rx": "5768568", \n      "tx": "4327783"\n    }, \n    "2016-04-06 17:26:19.954180": {\n      "iface": "wlp4s0", \n      "rx": "5768571", \n      "tx": "4327786"\n    }, \n    "2016-04-06 17:26:19.743994": {\n      "iface": "wlp4s0", \n      "rx": "5768568", \n      "tx": "4327783"\n    }, \n    "2016-04-06 17:26:20.164320": {\n      "iface": "wlp4s0", \n      "rx": "5768573", \n      "tx": "4327788"\n    }, \n    "2016-04-06 17:26:19.848981": {\n      "iface": "wlp4s0", \n      "rx": "5768571", \n      "tx": "4327786"\n    }, \n    "2016-04-06 17:26:20.059317": {\n      "iface": "wlp4s0", \n      "rx": "5768571", \n      "tx": "4327786"\n    }, \n    "2016-04-06 17:26:19.533103": {\n      "iface": "wlp4s0", \n      "rx": "5768568", \n      "tx": "4327783"\n    }\n  }, \n  "hostname": "tournseol", \n  "user": "dutc"\n}'
>>> print json.dumps(json_output, indent=2)
{
  "measurements": {
    "2016-04-06 17:26:20.269534": {
      "iface": "wlp4s0", 
      "rx": "5768573", 
      "tx": "4327789"
    }, 
    "hostname": "tournesol", 
    "2016-04-06 17:26:19.638808": {
      "iface": "wlp4s0", 
      "rx": "5768568", 
      "tx": "4327783"
    }, 
    "2016-04-06 17:26:20.374538": {
      "iface": "wlp4s0", 
      "rx": "5768576", 
      "tx": "4327790"
    }, 
    "2016-04-06 17:26:19.427730": {
      "iface": "wlp4s0", 
      "rx": "5768568", 
      "tx": "4327783"
    }, 
    "2016-04-06 17:26:19.954180": {
      "iface": "wlp4s0", 
      "rx": "5768571", 
      "tx": "4327786"
    }, 
    "2016-04-06 17:26:19.743994": {
      "iface": "wlp4s0", 
      "rx": "5768568", 
      "tx": "4327783"
    }, 
    "2016-04-06 17:26:20.164320": {
      "iface": "wlp4s0", 
      "rx": "5768573", 
      "tx": "4327788"
    }, 
    "2016-04-06 17:26:19.848981": {
      "iface": "wlp4s0", 
      "rx": "5768571", 
      "tx": "4327786"
    }, 
    "2016-04-06 17:26:20.059317": {
      "iface": "wlp4s0", 
      "rx": "5768571", 
      "tx": "4327786"
    }, 
    "2016-04-06 17:26:19.533103": {
      "iface": "wlp4s0", 
      "rx": "5768568", 
      "tx": "4327783"
    }
  }, 
  "hostname": "tournseol", 
  "user": "dutc"
}
>>> print json.dumps(json_output, indent=8)
{
        "measurements": {
                "2016-04-06 17:26:20.269534": {
                        "iface": "wlp4s0", 
                        "rx": "5768573", 
                        "tx": "4327789"
                }, 
                "hostname": "tournesol", 
                "2016-04-06 17:26:19.638808": {
                        "iface": "wlp4s0", 
                        "rx": "5768568", 
                        "tx": "4327783"
                }, 
                "2016-04-06 17:26:20.374538": {
                        "iface": "wlp4s0", 
                        "rx": "5768576", 
                        "tx": "4327790"
                }, 
                "2016-04-06 17:26:19.427730": {
                        "iface": "wlp4s0", 
                        "rx": "5768568", 
                        "tx": "4327783"
                }, 
                "2016-04-06 17:26:19.954180": {
                        "iface": "wlp4s0", 
                        "rx": "5768571", 
                        "tx": "4327786"
                }, 
                "2016-04-06 17:26:19.743994": {
                        "iface": "wlp4s0", 
                        "rx": "5768568", 
                        "tx": "4327783"
                }, 
                "2016-04-06 17:26:20.164320": {
                        "iface": "wlp4s0", 
                        "rx": "5768573", 
                        "tx": "4327788"
                }, 
                "2016-04-06 17:26:19.848981": {
                        "iface": "wlp4s0", 
                        "rx": "5768571", 
                        "tx": "4327786"
                }, 
                "2016-04-06 17:26:20.059317": {
                        "iface": "wlp4s0", 
                        "rx": "5768571", 
                        "tx": "4327786"
                }, 
                "2016-04-06 17:26:19.533103": {
                        "iface": "wlp4s0", 
                        "rx": "5768568", 
                        "tx": "4327783"
                }
        }, 
        "hostname": "tournseol", 
        "user": "dutc"
}
>>> 
